{"/root/mi_erp/controllers/auth.controller.js": {"path":"/root/mi_erp/controllers/auth.controller.js","statementMap":{"0":{"start":{"line":1,"column":13},"end":{"line":1,"column":42}},"1":{"start":{"line":2,"column":15},"end":{"line":2,"column":34}},"2":{"start":{"line":3,"column":12},"end":{"line":3,"column":35}},"3":{"start":{"line":4,"column":19},"end":{"line":4,"column":68}},"4":{"start":{"line":6,"column":0},"end":{"line":36,"column":2}},"5":{"start":{"line":7,"column":35},"end":{"line":7,"column":43}},"6":{"start":{"line":8,"column":4},"end":{"line":10,"column":5}},"7":{"start":{"line":9,"column":8},"end":{"line":9,"column":82}},"8":{"start":{"line":11,"column":4},"end":{"line":35,"column":5}},"9":{"start":{"line":12,"column":25},"end":{"line":15,"column":9}},"10":{"start":{"line":16,"column":8},"end":{"line":18,"column":9}},"11":{"start":{"line":17,"column":12},"end":{"line":17,"column":77}},"12":{"start":{"line":19,"column":21},"end":{"line":19,"column":28}},"13":{"start":{"line":20,"column":31},"end":{"line":20,"column":81}},"14":{"start":{"line":21,"column":8},"end":{"line":23,"column":9}},"15":{"start":{"line":22,"column":12},"end":{"line":22,"column":77}},"16":{"start":{"line":24,"column":22},"end":{"line":30,"column":44}},"17":{"start":{"line":31,"column":8},"end":{"line":31,"column":157}},"18":{"start":{"line":33,"column":8},"end":{"line":33,"column":53}},"19":{"start":{"line":34,"column":8},"end":{"line":34,"column":67}},"20":{"start":{"line":38,"column":0},"end":{"line":52,"column":2}},"21":{"start":{"line":39,"column":4},"end":{"line":51,"column":5}},"22":{"start":{"line":40,"column":25},"end":{"line":43,"column":9}},"23":{"start":{"line":44,"column":8},"end":{"line":46,"column":9}},"24":{"start":{"line":45,"column":12},"end":{"line":45,"column":76}},"25":{"start":{"line":47,"column":8},"end":{"line":47,"column":26}},"26":{"start":{"line":49,"column":8},"end":{"line":49,"column":54}},"27":{"start":{"line":50,"column":8},"end":{"line":50,"column":67}}},"fnMap":{"0":{"name":"(anonymous_0)","decl":{"start":{"line":6,"column":16},"end":{"line":6,"column":17}},"loc":{"start":{"line":6,"column":36},"end":{"line":36,"column":1}},"line":6},"1":{"name":"(anonymous_1)","decl":{"start":{"line":38,"column":24},"end":{"line":38,"column":25}},"loc":{"start":{"line":38,"column":44},"end":{"line":52,"column":1}},"line":38}},"branchMap":{"0":{"loc":{"start":{"line":4,"column":19},"end":{"line":4,"column":68}},"type":"binary-expr","locations":[{"start":{"line":4,"column":19},"end":{"line":4,"column":41}},{"start":{"line":4,"column":45},"end":{"line":4,"column":68}}],"line":4},"1":{"loc":{"start":{"line":8,"column":4},"end":{"line":10,"column":5}},"type":"if","locations":[{"start":{"line":8,"column":4},"end":{"line":10,"column":5}},{"start":{},"end":{}}],"line":8},"2":{"loc":{"start":{"line":8,"column":8},"end":{"line":8,"column":30}},"type":"binary-expr","locations":[{"start":{"line":8,"column":8},"end":{"line":8,"column":17}},{"start":{"line":8,"column":21},"end":{"line":8,"column":30}}],"line":8},"3":{"loc":{"start":{"line":16,"column":8},"end":{"line":18,"column":9}},"type":"if","locations":[{"start":{"line":16,"column":8},"end":{"line":18,"column":9}},{"start":{},"end":{}}],"line":16},"4":{"loc":{"start":{"line":21,"column":8},"end":{"line":23,"column":9}},"type":"if","locations":[{"start":{"line":21,"column":8},"end":{"line":23,"column":9}},{"start":{},"end":{}}],"line":21},"5":{"loc":{"start":{"line":44,"column":8},"end":{"line":46,"column":9}},"type":"if","locations":[{"start":{"line":44,"column":8},"end":{"line":46,"column":9}},{"start":{},"end":{}}],"line":44}},"s":{"0":0,"1":0,"2":0,"3":0,"4":0,"5":0,"6":0,"7":0,"8":0,"9":0,"10":0,"11":0,"12":0,"13":0,"14":0,"15":0,"16":0,"17":0,"18":0,"19":0,"20":0,"21":0,"22":0,"23":0,"24":0,"25":0,"26":0,"27":0},"f":{"0":0,"1":0},"b":{"0":[0,0],"1":[0,0],"2":[0,0],"3":[0,0],"4":[0,0],"5":[0,0]}}
,"/root/mi_erp/controllers/bancos.controller.js": {"path":"/root/mi_erp/controllers/bancos.controller.js","statementMap":{"0":{"start":{"line":1,"column":13},"end":{"line":1,"column":42}},"1":{"start":{"line":3,"column":0},"end":{"line":12,"column":2}},"2":{"start":{"line":4,"column":4},"end":{"line":11,"column":5}},"3":{"start":{"line":5,"column":22},"end":{"line":5,"column":80}},"4":{"start":{"line":6,"column":25},"end":{"line":6,"column":48}},"5":{"start":{"line":7,"column":8},"end":{"line":7,"column":23}},"6":{"start":{"line":9,"column":8},"end":{"line":9,"column":67}},"7":{"start":{"line":10,"column":8},"end":{"line":10,"column":67}}},"fnMap":{"0":{"name":"(anonymous_0)","decl":{"start":{"line":3,"column":17},"end":{"line":3,"column":18}},"loc":{"start":{"line":3,"column":37},"end":{"line":12,"column":1}},"line":3}},"branchMap":{},"s":{"0":0,"1":0,"2":0,"3":0,"4":0,"5":0,"6":0,"7":0},"f":{"0":0},"b":{}}
,"/root/mi_erp/controllers/cajas-cobranzas.controller.js": {"path":"/root/mi_erp/controllers/cajas-cobranzas.controller.js","statementMap":{"0":{"start":{"line":1,"column":13},"end":{"line":1,"column":42}},"1":{"start":{"line":5,"column":0},"end":{"line":16,"column":2}},"2":{"start":{"line":6,"column":23},"end":{"line":6,"column":59}},"3":{"start":{"line":8,"column":4},"end":{"line":15,"column":5}},"4":{"start":{"line":9,"column":22},"end":{"line":9,"column":99}},"5":{"start":{"line":10,"column":25},"end":{"line":10,"column":62}},"6":{"start":{"line":11,"column":8},"end":{"line":11,"column":23}},"7":{"start":{"line":13,"column":8},"end":{"line":13,"column":66}},"8":{"start":{"line":14,"column":8},"end":{"line":14,"column":66}},"9":{"start":{"line":18,"column":0},"end":{"line":35,"column":2}},"10":{"start":{"line":19,"column":20},"end":{"line":19,"column":52}},"11":{"start":{"line":21,"column":4},"end":{"line":34,"column":5}},"12":{"start":{"line":22,"column":22},"end":{"line":22,"column":289}},"13":{"start":{"line":24,"column":25},"end":{"line":24,"column":59}},"14":{"start":{"line":26,"column":8},"end":{"line":28,"column":9}},"15":{"start":{"line":27,"column":12},"end":{"line":27,"column":54}},"16":{"start":{"line":30,"column":8},"end":{"line":30,"column":58}},"17":{"start":{"line":32,"column":8},"end":{"line":32,"column":73}},"18":{"start":{"line":33,"column":8},"end":{"line":33,"column":73}},"19":{"start":{"line":37,"column":0},"end":{"line":73,"column":2}},"20":{"start":{"line":38,"column":23},"end":{"line":38,"column":45}},"21":{"start":{"line":39,"column":62},"end":{"line":39,"column":70}},"22":{"start":{"line":41,"column":4},"end":{"line":43,"column":5}},"23":{"start":{"line":42,"column":8},"end":{"line":42,"column":71}},"24":{"start":{"line":45,"column":19},"end":{"line":45,"column":39}},"25":{"start":{"line":47,"column":4},"end":{"line":72,"column":5}},"26":{"start":{"line":48,"column":8},"end":{"line":48,"column":36}},"27":{"start":{"line":50,"column":27},"end":{"line":50,"column":103}},"28":{"start":{"line":51,"column":25},"end":{"line":51,"column":66}},"29":{"start":{"line":53,"column":8},"end":{"line":56,"column":9}},"30":{"start":{"line":54,"column":12},"end":{"line":54,"column":43}},"31":{"start":{"line":55,"column":12},"end":{"line":55,"column":96}},"32":{"start":{"line":58,"column":28},"end":{"line":58,"column":158}},"33":{"start":{"line":60,"column":25},"end":{"line":60,"column":127}},"34":{"start":{"line":62,"column":8},"end":{"line":62,"column":37}},"35":{"start":{"line":64,"column":8},"end":{"line":64,"column":87}},"36":{"start":{"line":67,"column":8},"end":{"line":67,"column":39}},"37":{"start":{"line":68,"column":8},"end":{"line":68,"column":63}},"38":{"start":{"line":69,"column":8},"end":{"line":69,"column":63}},"39":{"start":{"line":71,"column":8},"end":{"line":71,"column":25}},"40":{"start":{"line":75,"column":0},"end":{"line":98,"column":2}},"41":{"start":{"line":76,"column":23},"end":{"line":76,"column":45}},"42":{"start":{"line":77,"column":82},"end":{"line":77,"column":90}},"43":{"start":{"line":79,"column":4},"end":{"line":81,"column":5}},"44":{"start":{"line":80,"column":8},"end":{"line":80,"column":72}},"45":{"start":{"line":83,"column":4},"end":{"line":97,"column":5}},"46":{"start":{"line":84,"column":22},"end":{"line":84,"column":238}},"47":{"start":{"line":86,"column":25},"end":{"line":86,"column":147}},"48":{"start":{"line":88,"column":8},"end":{"line":90,"column":9}},"49":{"start":{"line":89,"column":12},"end":{"line":89,"column":87}},"50":{"start":{"line":92,"column":8},"end":{"line":92,"column":155}},"51":{"start":{"line":95,"column":8},"end":{"line":95,"column":64}},"52":{"start":{"line":96,"column":8},"end":{"line":96,"column":64}},"53":{"start":{"line":102,"column":0},"end":{"line":131,"column":2}},"54":{"start":{"line":103,"column":23},"end":{"line":103,"column":59}},"55":{"start":{"line":104,"column":37},"end":{"line":104,"column":46}},"56":{"start":{"line":106,"column":4},"end":{"line":130,"column":5}},"57":{"start":{"line":107,"column":20},"end":{"line":107,"column":386}},"58":{"start":{"line":109,"column":23},"end":{"line":109,"column":35}},"59":{"start":{"line":110,"column":25},"end":{"line":110,"column":26}},"60":{"start":{"line":112,"column":8},"end":{"line":114,"column":9}},"61":{"start":{"line":113,"column":12},"end":{"line":113,"column":63}},"62":{"start":{"line":116,"column":8},"end":{"line":120,"column":9}},"63":{"start":{"line":117,"column":12},"end":{"line":117,"column":58}},"64":{"start":{"line":118,"column":12},"end":{"line":118,"column":46}},"65":{"start":{"line":119,"column":12},"end":{"line":119,"column":25}},"66":{"start":{"line":122,"column":8},"end":{"line":122,"column":53}},"67":{"start":{"line":124,"column":25},"end":{"line":124,"column":56}},"68":{"start":{"line":125,"column":8},"end":{"line":125,"column":23}},"69":{"start":{"line":128,"column":8},"end":{"line":128,"column":60}},"70":{"start":{"line":129,"column":8},"end":{"line":129,"column":80}},"71":{"start":{"line":133,"column":0},"end":{"line":199,"column":2}},"72":{"start":{"line":134,"column":23},"end":{"line":134,"column":59}},"73":{"start":{"line":135,"column":40},"end":{"line":135,"column":48}},"74":{"start":{"line":137,"column":4},"end":{"line":139,"column":5}},"75":{"start":{"line":138,"column":8},"end":{"line":138,"column":83}},"76":{"start":{"line":141,"column":19},"end":{"line":141,"column":39}},"77":{"start":{"line":142,"column":4},"end":{"line":198,"column":5}},"78":{"start":{"line":143,"column":8},"end":{"line":143,"column":36}},"79":{"start":{"line":145,"column":26},"end":{"line":145,"column":158}},"80":{"start":{"line":147,"column":8},"end":{"line":150,"column":9}},"81":{"start":{"line":148,"column":12},"end":{"line":148,"column":43}},"82":{"start":{"line":149,"column":12},"end":{"line":149,"column":75}},"83":{"start":{"line":152,"column":29},"end":{"line":152,"column":71}},"84":{"start":{"line":153,"column":29},"end":{"line":153,"column":30}},"85":{"start":{"line":155,"column":8},"end":{"line":182,"column":9}},"86":{"start":{"line":156,"column":51},"end":{"line":156,"column":61}},"87":{"start":{"line":157,"column":26},"end":{"line":157,"column":52}},"88":{"start":{"line":159,"column":12},"end":{"line":162,"column":13}},"89":{"start":{"line":160,"column":16},"end":{"line":160,"column":47}},"90":{"start":{"line":161,"column":16},"end":{"line":161,"column":90}},"91":{"start":{"line":164,"column":31},"end":{"line":164,"column":152}},"92":{"start":{"line":166,"column":36},"end":{"line":166,"column":112}},"93":{"start":{"line":168,"column":12},"end":{"line":171,"column":13}},"94":{"start":{"line":169,"column":16},"end":{"line":169,"column":47}},"95":{"start":{"line":170,"column":16},"end":{"line":170,"column":115}},"96":{"start":{"line":173,"column":12},"end":{"line":173,"column":154}},"97":{"start":{"line":175,"column":12},"end":{"line":175,"column":143}},"98":{"start":{"line":177,"column":12},"end":{"line":179,"column":13}},"99":{"start":{"line":178,"column":16},"end":{"line":178,"column":116}},"100":{"start":{"line":181,"column":12},"end":{"line":181,"column":36}},"101":{"start":{"line":184,"column":8},"end":{"line":187,"column":9}},"102":{"start":{"line":185,"column":12},"end":{"line":185,"column":43}},"103":{"start":{"line":186,"column":12},"end":{"line":186,"column":123}},"104":{"start":{"line":189,"column":8},"end":{"line":189,"column":37}},"105":{"start":{"line":190,"column":8},"end":{"line":190,"column":117}},"106":{"start":{"line":193,"column":8},"end":{"line":193,"column":39}},"107":{"start":{"line":194,"column":8},"end":{"line":194,"column":62}},"108":{"start":{"line":195,"column":8},"end":{"line":195,"column":65}},"109":{"start":{"line":197,"column":8},"end":{"line":197,"column":25}},"110":{"start":{"line":201,"column":0},"end":{"line":238,"column":2}},"111":{"start":{"line":202,"column":23},"end":{"line":202,"column":59}},"112":{"start":{"line":203,"column":53},"end":{"line":203,"column":62}},"113":{"start":{"line":205,"column":4},"end":{"line":237,"column":5}},"114":{"start":{"line":206,"column":20},"end":{"line":206,"column":439}},"115":{"start":{"line":208,"column":23},"end":{"line":208,"column":35}},"116":{"start":{"line":209,"column":25},"end":{"line":209,"column":26}},"117":{"start":{"line":211,"column":8},"end":{"line":215,"column":9}},"118":{"start":{"line":212,"column":12},"end":{"line":212,"column":67}},"119":{"start":{"line":213,"column":12},"end":{"line":213,"column":37}},"120":{"start":{"line":214,"column":12},"end":{"line":214,"column":25}},"121":{"start":{"line":217,"column":8},"end":{"line":221,"column":9}},"122":{"start":{"line":218,"column":12},"end":{"line":218,"column":67}},"123":{"start":{"line":219,"column":12},"end":{"line":219,"column":37}},"124":{"start":{"line":220,"column":12},"end":{"line":220,"column":25}},"125":{"start":{"line":223,"column":8},"end":{"line":227,"column":9}},"126":{"start":{"line":224,"column":12},"end":{"line":224,"column":58}},"127":{"start":{"line":225,"column":12},"end":{"line":225,"column":46}},"128":{"start":{"line":226,"column":12},"end":{"line":226,"column":25}},"129":{"start":{"line":229,"column":8},"end":{"line":229,"column":108}},"130":{"start":{"line":231,"column":25},"end":{"line":231,"column":56}},"131":{"start":{"line":232,"column":8},"end":{"line":232,"column":23}},"132":{"start":{"line":235,"column":8},"end":{"line":235,"column":59}},"133":{"start":{"line":236,"column":8},"end":{"line":236,"column":70}}},"fnMap":{"0":{"name":"(anonymous_0)","decl":{"start":{"line":5,"column":22},"end":{"line":5,"column":23}},"loc":{"start":{"line":5,"column":42},"end":{"line":16,"column":1}},"line":5},"1":{"name":"(anonymous_1)","decl":{"start":{"line":18,"column":29},"end":{"line":18,"column":30}},"loc":{"start":{"line":18,"column":49},"end":{"line":35,"column":1}},"line":18},"2":{"name":"(anonymous_2)","decl":{"start":{"line":37,"column":20},"end":{"line":37,"column":21}},"loc":{"start":{"line":37,"column":40},"end":{"line":73,"column":1}},"line":37},"3":{"name":"(anonymous_3)","decl":{"start":{"line":75,"column":21},"end":{"line":75,"column":22}},"loc":{"start":{"line":75,"column":41},"end":{"line":98,"column":1}},"line":75},"4":{"name":"(anonymous_4)","decl":{"start":{"line":102,"column":28},"end":{"line":102,"column":29}},"loc":{"start":{"line":102,"column":48},"end":{"line":131,"column":1}},"line":102},"5":{"name":"(anonymous_5)","decl":{"start":{"line":133,"column":22},"end":{"line":133,"column":23}},"loc":{"start":{"line":133,"column":42},"end":{"line":199,"column":1}},"line":133},"6":{"name":"(anonymous_6)","decl":{"start":{"line":201,"column":36},"end":{"line":201,"column":37}},"loc":{"start":{"line":201,"column":56},"end":{"line":238,"column":1}},"line":201}},"branchMap":{"0":{"loc":{"start":{"line":26,"column":8},"end":{"line":28,"column":9}},"type":"if","locations":[{"start":{"line":26,"column":8},"end":{"line":28,"column":9}},{"start":{},"end":{}}],"line":26},"1":{"loc":{"start":{"line":41,"column":4},"end":{"line":43,"column":5}},"type":"if","locations":[{"start":{"line":41,"column":4},"end":{"line":43,"column":5}},{"start":{},"end":{}}],"line":41},"2":{"loc":{"start":{"line":53,"column":8},"end":{"line":56,"column":9}},"type":"if","locations":[{"start":{"line":53,"column":8},"end":{"line":56,"column":9}},{"start":{},"end":{}}],"line":53},"3":{"loc":{"start":{"line":60,"column":79},"end":{"line":60,"column":101}},"type":"binary-expr","locations":[{"start":{"line":60,"column":79},"end":{"line":60,"column":96}},{"start":{"line":60,"column":100},"end":{"line":60,"column":101}}],"line":60},"4":{"loc":{"start":{"line":60,"column":103},"end":{"line":60,"column":125}},"type":"binary-expr","locations":[{"start":{"line":60,"column":103},"end":{"line":60,"column":120}},{"start":{"line":60,"column":124},"end":{"line":60,"column":125}}],"line":60},"5":{"loc":{"start":{"line":79,"column":4},"end":{"line":81,"column":5}},"type":"if","locations":[{"start":{"line":79,"column":4},"end":{"line":81,"column":5}},{"start":{},"end":{}}],"line":79},"6":{"loc":{"start":{"line":86,"column":62},"end":{"line":86,"column":86}},"type":"binary-expr","locations":[{"start":{"line":86,"column":62},"end":{"line":86,"column":81}},{"start":{"line":86,"column":85},"end":{"line":86,"column":86}}],"line":86},"7":{"loc":{"start":{"line":86,"column":88},"end":{"line":86,"column":112}},"type":"binary-expr","locations":[{"start":{"line":86,"column":88},"end":{"line":86,"column":107}},{"start":{"line":86,"column":111},"end":{"line":86,"column":112}}],"line":86},"8":{"loc":{"start":{"line":86,"column":114},"end":{"line":86,"column":135}},"type":"binary-expr","locations":[{"start":{"line":86,"column":114},"end":{"line":86,"column":127}},{"start":{"line":86,"column":131},"end":{"line":86,"column":135}}],"line":86},"9":{"loc":{"start":{"line":88,"column":8},"end":{"line":90,"column":9}},"type":"if","locations":[{"start":{"line":88,"column":8},"end":{"line":90,"column":9}},{"start":{},"end":{}}],"line":88},"10":{"loc":{"start":{"line":112,"column":8},"end":{"line":114,"column":9}},"type":"if","locations":[{"start":{"line":112,"column":8},"end":{"line":114,"column":9}},{"start":{},"end":{}}],"line":112},"11":{"loc":{"start":{"line":116,"column":8},"end":{"line":120,"column":9}},"type":"if","locations":[{"start":{"line":116,"column":8},"end":{"line":120,"column":9}},{"start":{},"end":{}}],"line":116},"12":{"loc":{"start":{"line":137,"column":4},"end":{"line":139,"column":5}},"type":"if","locations":[{"start":{"line":137,"column":4},"end":{"line":139,"column":5}},{"start":{},"end":{}}],"line":137},"13":{"loc":{"start":{"line":137,"column":8},"end":{"line":137,"column":64}},"type":"binary-expr","locations":[{"start":{"line":137,"column":8},"end":{"line":137,"column":18}},{"start":{"line":137,"column":22},"end":{"line":137,"column":35}},{"start":{"line":137,"column":39},"end":{"line":137,"column":64}}],"line":137},"14":{"loc":{"start":{"line":147,"column":8},"end":{"line":150,"column":9}},"type":"if","locations":[{"start":{"line":147,"column":8},"end":{"line":150,"column":9}},{"start":{},"end":{}}],"line":147},"15":{"loc":{"start":{"line":159,"column":12},"end":{"line":162,"column":13}},"type":"if","locations":[{"start":{"line":159,"column":12},"end":{"line":162,"column":13}},{"start":{},"end":{}}],"line":159},"16":{"loc":{"start":{"line":168,"column":12},"end":{"line":171,"column":13}},"type":"if","locations":[{"start":{"line":168,"column":12},"end":{"line":171,"column":13}},{"start":{},"end":{}}],"line":168},"17":{"loc":{"start":{"line":177,"column":12},"end":{"line":179,"column":13}},"type":"if","locations":[{"start":{"line":177,"column":12},"end":{"line":179,"column":13}},{"start":{},"end":{}}],"line":177},"18":{"loc":{"start":{"line":184,"column":8},"end":{"line":187,"column":9}},"type":"if","locations":[{"start":{"line":184,"column":8},"end":{"line":187,"column":9}},{"start":{},"end":{}}],"line":184},"19":{"loc":{"start":{"line":211,"column":8},"end":{"line":215,"column":9}},"type":"if","locations":[{"start":{"line":211,"column":8},"end":{"line":215,"column":9}},{"start":{},"end":{}}],"line":211},"20":{"loc":{"start":{"line":217,"column":8},"end":{"line":221,"column":9}},"type":"if","locations":[{"start":{"line":217,"column":8},"end":{"line":221,"column":9}},{"start":{},"end":{}}],"line":217},"21":{"loc":{"start":{"line":223,"column":8},"end":{"line":227,"column":9}},"type":"if","locations":[{"start":{"line":223,"column":8},"end":{"line":227,"column":9}},{"start":{},"end":{}}],"line":223}},"s":{"0":0,"1":0,"2":0,"3":0,"4":0,"5":0,"6":0,"7":0,"8":0,"9":0,"10":0,"11":0,"12":0,"13":0,"14":0,"15":0,"16":0,"17":0,"18":0,"19":0,"20":0,"21":0,"22":0,"23":0,"24":0,"25":0,"26":0,"27":0,"28":0,"29":0,"30":0,"31":0,"32":0,"33":0,"34":0,"35":0,"36":0,"37":0,"38":0,"39":0,"40":0,"41":0,"42":0,"43":0,"44":0,"45":0,"46":0,"47":0,"48":0,"49":0,"50":0,"51":0,"52":0,"53":0,"54":0,"55":0,"56":0,"57":0,"58":0,"59":0,"60":0,"61":0,"62":0,"63":0,"64":0,"65":0,"66":0,"67":0,"68":0,"69":0,"70":0,"71":0,"72":0,"73":0,"74":0,"75":0,"76":0,"77":0,"78":0,"79":0,"80":0,"81":0,"82":0,"83":0,"84":0,"85":0,"86":0,"87":0,"88":0,"89":0,"90":0,"91":0,"92":0,"93":0,"94":0,"95":0,"96":0,"97":0,"98":0,"99":0,"100":0,"101":0,"102":0,"103":0,"104":0,"105":0,"106":0,"107":0,"108":0,"109":0,"110":0,"111":0,"112":0,"113":0,"114":0,"115":0,"116":0,"117":0,"118":0,"119":0,"120":0,"121":0,"122":0,"123":0,"124":0,"125":0,"126":0,"127":0,"128":0,"129":0,"130":0,"131":0,"132":0,"133":0},"f":{"0":0,"1":0,"2":0,"3":0,"4":0,"5":0,"6":0},"b":{"0":[0,0],"1":[0,0],"2":[0,0],"3":[0,0],"4":[0,0],"5":[0,0],"6":[0,0],"7":[0,0],"8":[0,0],"9":[0,0],"10":[0,0],"11":[0,0],"12":[0,0],"13":[0,0,0],"14":[0,0],"15":[0,0],"16":[0,0],"17":[0,0],"18":[0,0],"19":[0,0],"20":[0,0],"21":[0,0]}}
,"/root/mi_erp/controllers/categorias.controller.js": {"path":"/root/mi_erp/controllers/categorias.controller.js","statementMap":{"0":{"start":{"line":1,"column":13},"end":{"line":1,"column":42}},"1":{"start":{"line":3,"column":0},"end":{"line":12,"column":2}},"2":{"start":{"line":4,"column":4},"end":{"line":11,"column":5}},"3":{"start":{"line":5,"column":22},"end":{"line":5,"column":232}},"4":{"start":{"line":6,"column":25},"end":{"line":6,"column":48}},"5":{"start":{"line":7,"column":8},"end":{"line":7,"column":23}},"6":{"start":{"line":9,"column":8},"end":{"line":9,"column":71}},"7":{"start":{"line":10,"column":8},"end":{"line":10,"column":71}},"8":{"start":{"line":14,"column":0},"end":{"line":23,"column":2}},"9":{"start":{"line":15,"column":4},"end":{"line":22,"column":5}},"10":{"start":{"line":16,"column":22},"end":{"line":16,"column":122}},"11":{"start":{"line":17,"column":25},"end":{"line":17,"column":48}},"12":{"start":{"line":18,"column":8},"end":{"line":18,"column":23}},"13":{"start":{"line":20,"column":8},"end":{"line":20,"column":83}},"14":{"start":{"line":21,"column":8},"end":{"line":21,"column":83}},"15":{"start":{"line":25,"column":0},"end":{"line":35,"column":2}},"16":{"start":{"line":26,"column":25},"end":{"line":26,"column":52}},"17":{"start":{"line":27,"column":4},"end":{"line":34,"column":5}},"18":{"start":{"line":28,"column":22},"end":{"line":28,"column":119}},"19":{"start":{"line":29,"column":25},"end":{"line":29,"column":64}},"20":{"start":{"line":30,"column":8},"end":{"line":30,"column":23}},"21":{"start":{"line":32,"column":8},"end":{"line":32,"column":74}},"22":{"start":{"line":33,"column":8},"end":{"line":33,"column":74}},"23":{"start":{"line":37,"column":0},"end":{"line":49,"column":2}},"24":{"start":{"line":38,"column":4},"end":{"line":48,"column":5}},"25":{"start":{"line":39,"column":25},"end":{"line":39,"column":145}},"26":{"start":{"line":40,"column":27},"end":{"line":40,"column":74}},"27":{"start":{"line":40,"column":44},"end":{"line":40,"column":73}},"28":{"start":{"line":41,"column":8},"end":{"line":43,"column":11}},"29":{"start":{"line":42,"column":12},"end":{"line":42,"column":92}},"30":{"start":{"line":42,"column":49},"end":{"line":42,"column":90}},"31":{"start":{"line":44,"column":8},"end":{"line":44,"column":29}},"32":{"start":{"line":46,"column":8},"end":{"line":46,"column":80}},"33":{"start":{"line":47,"column":8},"end":{"line":47,"column":80}},"34":{"start":{"line":51,"column":0},"end":{"line":69,"column":2}},"35":{"start":{"line":52,"column":63},"end":{"line":52,"column":71}},"36":{"start":{"line":54,"column":4},"end":{"line":56,"column":5}},"37":{"start":{"line":55,"column":8},"end":{"line":55,"column":73}},"38":{"start":{"line":58,"column":4},"end":{"line":68,"column":5}},"39":{"start":{"line":59,"column":22},"end":{"line":59,"column":145}},"40":{"start":{"line":60,"column":25},"end":{"line":60,"column":119}},"41":{"start":{"line":61,"column":8},"end":{"line":61,"column":95}},"42":{"start":{"line":63,"column":8},"end":{"line":63,"column":68}},"43":{"start":{"line":64,"column":8},"end":{"line":66,"column":9}},"44":{"start":{"line":65,"column":12},"end":{"line":65,"column":93}},"45":{"start":{"line":67,"column":8},"end":{"line":67,"column":68}},"46":{"start":{"line":71,"column":0},"end":{"line":99,"column":2}},"47":{"start":{"line":72,"column":25},"end":{"line":72,"column":52}},"48":{"start":{"line":73,"column":63},"end":{"line":73,"column":71}},"49":{"start":{"line":75,"column":4},"end":{"line":77,"column":5}},"50":{"start":{"line":76,"column":8},"end":{"line":76,"column":73}},"51":{"start":{"line":79,"column":4},"end":{"line":81,"column":5}},"52":{"start":{"line":80,"column":8},"end":{"line":80,"column":93}},"53":{"start":{"line":83,"column":4},"end":{"line":98,"column":5}},"54":{"start":{"line":84,"column":22},"end":{"line":84,"column":166}},"55":{"start":{"line":85,"column":25},"end":{"line":85,"column":133}},"56":{"start":{"line":87,"column":8},"end":{"line":89,"column":9}},"57":{"start":{"line":88,"column":12},"end":{"line":88,"column":78}},"58":{"start":{"line":91,"column":8},"end":{"line":91,"column":88}},"59":{"start":{"line":93,"column":8},"end":{"line":93,"column":73}},"60":{"start":{"line":94,"column":8},"end":{"line":96,"column":9}},"61":{"start":{"line":95,"column":12},"end":{"line":95,"column":93}},"62":{"start":{"line":97,"column":8},"end":{"line":97,"column":73}},"63":{"start":{"line":101,"column":0},"end":{"line":129,"column":2}},"64":{"start":{"line":102,"column":25},"end":{"line":102,"column":52}},"65":{"start":{"line":104,"column":4},"end":{"line":128,"column":5}},"66":{"start":{"line":105,"column":25},"end":{"line":105,"column":149}},"67":{"start":{"line":107,"column":8},"end":{"line":109,"column":9}},"68":{"start":{"line":108,"column":12},"end":{"line":108,"column":121}},"69":{"start":{"line":111,"column":26},"end":{"line":111,"column":143}},"70":{"start":{"line":113,"column":8},"end":{"line":115,"column":9}},"71":{"start":{"line":114,"column":12},"end":{"line":114,"column":119}},"72":{"start":{"line":117,"column":22},"end":{"line":117,"column":96}},"73":{"start":{"line":118,"column":25},"end":{"line":118,"column":64}},"74":{"start":{"line":120,"column":8},"end":{"line":122,"column":9}},"75":{"start":{"line":121,"column":12},"end":{"line":121,"column":78}},"76":{"start":{"line":124,"column":8},"end":{"line":124,"column":66}},"77":{"start":{"line":126,"column":8},"end":{"line":126,"column":71}},"78":{"start":{"line":127,"column":8},"end":{"line":127,"column":71}}},"fnMap":{"0":{"name":"(anonymous_0)","decl":{"start":{"line":3,"column":17},"end":{"line":3,"column":18}},"loc":{"start":{"line":3,"column":37},"end":{"line":12,"column":1}},"line":3},"1":{"name":"(anonymous_1)","decl":{"start":{"line":14,"column":29},"end":{"line":14,"column":30}},"loc":{"start":{"line":14,"column":49},"end":{"line":23,"column":1}},"line":14},"2":{"name":"(anonymous_2)","decl":{"start":{"line":25,"column":31},"end":{"line":25,"column":32}},"loc":{"start":{"line":25,"column":51},"end":{"line":35,"column":1}},"line":25},"3":{"name":"(anonymous_3)","decl":{"start":{"line":37,"column":23},"end":{"line":37,"column":24}},"loc":{"start":{"line":37,"column":43},"end":{"line":49,"column":1}},"line":37},"4":{"name":"(anonymous_4)","decl":{"start":{"line":40,"column":39},"end":{"line":40,"column":40}},"loc":{"start":{"line":40,"column":44},"end":{"line":40,"column":73}},"line":40},"5":{"name":"(anonymous_5)","decl":{"start":{"line":41,"column":27},"end":{"line":41,"column":28}},"loc":{"start":{"line":41,"column":34},"end":{"line":43,"column":9}},"line":41},"6":{"name":"(anonymous_6)","decl":{"start":{"line":42,"column":44},"end":{"line":42,"column":45}},"loc":{"start":{"line":42,"column":49},"end":{"line":42,"column":90}},"line":42},"7":{"name":"(anonymous_7)","decl":{"start":{"line":51,"column":16},"end":{"line":51,"column":17}},"loc":{"start":{"line":51,"column":36},"end":{"line":69,"column":1}},"line":51},"8":{"name":"(anonymous_8)","decl":{"start":{"line":71,"column":21},"end":{"line":71,"column":22}},"loc":{"start":{"line":71,"column":41},"end":{"line":99,"column":1}},"line":71},"9":{"name":"(anonymous_9)","decl":{"start":{"line":101,"column":19},"end":{"line":101,"column":20}},"loc":{"start":{"line":101,"column":39},"end":{"line":129,"column":1}},"line":101}},"branchMap":{"0":{"loc":{"start":{"line":54,"column":4},"end":{"line":56,"column":5}},"type":"if","locations":[{"start":{"line":54,"column":4},"end":{"line":56,"column":5}},{"start":{},"end":{}}],"line":54},"1":{"loc":{"start":{"line":60,"column":58},"end":{"line":60,"column":77}},"type":"binary-expr","locations":[{"start":{"line":60,"column":58},"end":{"line":60,"column":69}},{"start":{"line":60,"column":73},"end":{"line":60,"column":77}}],"line":60},"2":{"loc":{"start":{"line":60,"column":79},"end":{"line":60,"column":105}},"type":"binary-expr","locations":[{"start":{"line":60,"column":79},"end":{"line":60,"column":97}},{"start":{"line":60,"column":101},"end":{"line":60,"column":105}}],"line":60},"3":{"loc":{"start":{"line":60,"column":107},"end":{"line":60,"column":117}},"type":"binary-expr","locations":[{"start":{"line":60,"column":107},"end":{"line":60,"column":112}},{"start":{"line":60,"column":116},"end":{"line":60,"column":117}}],"line":60},"4":{"loc":{"start":{"line":64,"column":8},"end":{"line":66,"column":9}},"type":"if","locations":[{"start":{"line":64,"column":8},"end":{"line":66,"column":9}},{"start":{},"end":{}}],"line":64},"5":{"loc":{"start":{"line":75,"column":4},"end":{"line":77,"column":5}},"type":"if","locations":[{"start":{"line":75,"column":4},"end":{"line":77,"column":5}},{"start":{},"end":{}}],"line":75},"6":{"loc":{"start":{"line":79,"column":4},"end":{"line":81,"column":5}},"type":"if","locations":[{"start":{"line":79,"column":4},"end":{"line":81,"column":5}},{"start":{},"end":{}}],"line":79},"7":{"loc":{"start":{"line":85,"column":58},"end":{"line":85,"column":77}},"type":"binary-expr","locations":[{"start":{"line":85,"column":58},"end":{"line":85,"column":69}},{"start":{"line":85,"column":73},"end":{"line":85,"column":77}}],"line":85},"8":{"loc":{"start":{"line":85,"column":79},"end":{"line":85,"column":105}},"type":"binary-expr","locations":[{"start":{"line":85,"column":79},"end":{"line":85,"column":97}},{"start":{"line":85,"column":101},"end":{"line":85,"column":105}}],"line":85},"9":{"loc":{"start":{"line":85,"column":107},"end":{"line":85,"column":117}},"type":"binary-expr","locations":[{"start":{"line":85,"column":107},"end":{"line":85,"column":112}},{"start":{"line":85,"column":116},"end":{"line":85,"column":117}}],"line":85},"10":{"loc":{"start":{"line":87,"column":8},"end":{"line":89,"column":9}},"type":"if","locations":[{"start":{"line":87,"column":8},"end":{"line":89,"column":9}},{"start":{},"end":{}}],"line":87},"11":{"loc":{"start":{"line":94,"column":8},"end":{"line":96,"column":9}},"type":"if","locations":[{"start":{"line":94,"column":8},"end":{"line":96,"column":9}},{"start":{},"end":{}}],"line":94},"12":{"loc":{"start":{"line":107,"column":8},"end":{"line":109,"column":9}},"type":"if","locations":[{"start":{"line":107,"column":8},"end":{"line":109,"column":9}},{"start":{},"end":{}}],"line":107},"13":{"loc":{"start":{"line":113,"column":8},"end":{"line":115,"column":9}},"type":"if","locations":[{"start":{"line":113,"column":8},"end":{"line":115,"column":9}},{"start":{},"end":{}}],"line":113},"14":{"loc":{"start":{"line":120,"column":8},"end":{"line":122,"column":9}},"type":"if","locations":[{"start":{"line":120,"column":8},"end":{"line":122,"column":9}},{"start":{},"end":{}}],"line":120}},"s":{"0":0,"1":0,"2":0,"3":0,"4":0,"5":0,"6":0,"7":0,"8":0,"9":0,"10":0,"11":0,"12":0,"13":0,"14":0,"15":0,"16":0,"17":0,"18":0,"19":0,"20":0,"21":0,"22":0,"23":0,"24":0,"25":0,"26":0,"27":0,"28":0,"29":0,"30":0,"31":0,"32":0,"33":0,"34":0,"35":0,"36":0,"37":0,"38":0,"39":0,"40":0,"41":0,"42":0,"43":0,"44":0,"45":0,"46":0,"47":0,"48":0,"49":0,"50":0,"51":0,"52":0,"53":0,"54":0,"55":0,"56":0,"57":0,"58":0,"59":0,"60":0,"61":0,"62":0,"63":0,"64":0,"65":0,"66":0,"67":0,"68":0,"69":0,"70":0,"71":0,"72":0,"73":0,"74":0,"75":0,"76":0,"77":0,"78":0},"f":{"0":0,"1":0,"2":0,"3":0,"4":0,"5":0,"6":0,"7":0,"8":0,"9":0},"b":{"0":[0,0],"1":[0,0],"2":[0,0],"3":[0,0],"4":[0,0],"5":[0,0],"6":[0,0],"7":[0,0],"8":[0,0],"9":[0,0],"10":[0,0],"11":[0,0],"12":[0,0],"13":[0,0],"14":[0,0]}}
,"/root/mi_erp/controllers/clientes.controller.js": {"path":"/root/mi_erp/controllers/clientes.controller.js","statementMap":{"0":{"start":{"line":1,"column":13},"end":{"line":1,"column":42}},"1":{"start":{"line":3,"column":0},"end":{"line":25,"column":2}},"2":{"start":{"line":4,"column":23},"end":{"line":4,"column":59}},"3":{"start":{"line":5,"column":23},"end":{"line":5,"column":50}},"4":{"start":{"line":7,"column":4},"end":{"line":24,"column":5}},"5":{"start":{"line":8,"column":22},"end":{"line":12,"column":78}},"6":{"start":{"line":14,"column":25},"end":{"line":14,"column":74}},"7":{"start":{"line":16,"column":8},"end":{"line":18,"column":9}},"8":{"start":{"line":17,"column":12},"end":{"line":17,"column":76}},"9":{"start":{"line":20,"column":8},"end":{"line":20,"column":26}},"10":{"start":{"line":22,"column":8},"end":{"line":22,"column":68}},"11":{"start":{"line":23,"column":8},"end":{"line":23,"column":68}},"12":{"start":{"line":27,"column":0},"end":{"line":42,"column":2}},"13":{"start":{"line":28,"column":23},"end":{"line":28,"column":59}},"14":{"start":{"line":29,"column":4},"end":{"line":41,"column":5}},"15":{"start":{"line":30,"column":22},"end":{"line":35,"column":36}},"16":{"start":{"line":36,"column":25},"end":{"line":36,"column":62}},"17":{"start":{"line":37,"column":8},"end":{"line":37,"column":23}},"18":{"start":{"line":39,"column":8},"end":{"line":39,"column":69}},"19":{"start":{"line":40,"column":8},"end":{"line":40,"column":69}},"20":{"start":{"line":44,"column":0},"end":{"line":74,"column":2}},"21":{"start":{"line":45,"column":23},"end":{"line":45,"column":59}},"22":{"start":{"line":46,"column":86},"end":{"line":46,"column":94}},"23":{"start":{"line":48,"column":4},"end":{"line":50,"column":5}},"24":{"start":{"line":49,"column":8},"end":{"line":49,"column":94}},"25":{"start":{"line":52,"column":4},"end":{"line":73,"column":5}},"26":{"start":{"line":53,"column":22},"end":{"line":56,"column":24}},"27":{"start":{"line":57,"column":25},"end":{"line":65,"column":10}},"28":{"start":{"line":66,"column":8},"end":{"line":66,"column":91}},"29":{"start":{"line":68,"column":8},"end":{"line":68,"column":66}},"30":{"start":{"line":69,"column":8},"end":{"line":71,"column":9}},"31":{"start":{"line":70,"column":12},"end":{"line":70,"column":77}},"32":{"start":{"line":72,"column":8},"end":{"line":72,"column":66}},"33":{"start":{"line":76,"column":0},"end":{"line":115,"column":2}},"34":{"start":{"line":77,"column":23},"end":{"line":77,"column":59}},"35":{"start":{"line":78,"column":23},"end":{"line":78,"column":50}},"36":{"start":{"line":79,"column":86},"end":{"line":79,"column":94}},"37":{"start":{"line":81,"column":4},"end":{"line":83,"column":5}},"38":{"start":{"line":82,"column":8},"end":{"line":82,"column":94}},"39":{"start":{"line":85,"column":4},"end":{"line":114,"column":5}},"40":{"start":{"line":86,"column":22},"end":{"line":91,"column":24}},"41":{"start":{"line":92,"column":25},"end":{"line":101,"column":10}},"42":{"start":{"line":103,"column":8},"end":{"line":105,"column":9}},"43":{"start":{"line":104,"column":12},"end":{"line":104,"column":76}},"44":{"start":{"line":107,"column":8},"end":{"line":107,"column":84}},"45":{"start":{"line":109,"column":8},"end":{"line":109,"column":71}},"46":{"start":{"line":110,"column":8},"end":{"line":112,"column":9}},"47":{"start":{"line":111,"column":12},"end":{"line":111,"column":77}},"48":{"start":{"line":113,"column":8},"end":{"line":113,"column":71}},"49":{"start":{"line":117,"column":0},"end":{"line":138,"column":2}},"50":{"start":{"line":118,"column":23},"end":{"line":118,"column":59}},"51":{"start":{"line":119,"column":23},"end":{"line":119,"column":50}},"52":{"start":{"line":121,"column":4},"end":{"line":137,"column":5}},"53":{"start":{"line":122,"column":22},"end":{"line":126,"column":24}},"54":{"start":{"line":127,"column":25},"end":{"line":127,"column":74}},"55":{"start":{"line":129,"column":8},"end":{"line":131,"column":9}},"56":{"start":{"line":130,"column":12},"end":{"line":130,"column":76}},"57":{"start":{"line":133,"column":8},"end":{"line":133,"column":64}},"58":{"start":{"line":135,"column":8},"end":{"line":135,"column":69}},"59":{"start":{"line":136,"column":8},"end":{"line":136,"column":69}}},"fnMap":{"0":{"name":"(anonymous_0)","decl":{"start":{"line":3,"column":23},"end":{"line":3,"column":24}},"loc":{"start":{"line":3,"column":43},"end":{"line":25,"column":1}},"line":3},"1":{"name":"(anonymous_1)","decl":{"start":{"line":27,"column":17},"end":{"line":27,"column":18}},"loc":{"start":{"line":27,"column":37},"end":{"line":42,"column":1}},"line":27},"2":{"name":"(anonymous_2)","decl":{"start":{"line":44,"column":16},"end":{"line":44,"column":17}},"loc":{"start":{"line":44,"column":36},"end":{"line":74,"column":1}},"line":44},"3":{"name":"(anonymous_3)","decl":{"start":{"line":76,"column":21},"end":{"line":76,"column":22}},"loc":{"start":{"line":76,"column":41},"end":{"line":115,"column":1}},"line":76},"4":{"name":"(anonymous_4)","decl":{"start":{"line":117,"column":19},"end":{"line":117,"column":20}},"loc":{"start":{"line":117,"column":39},"end":{"line":138,"column":1}},"line":117}},"branchMap":{"0":{"loc":{"start":{"line":16,"column":8},"end":{"line":18,"column":9}},"type":"if","locations":[{"start":{"line":16,"column":8},"end":{"line":18,"column":9}},{"start":{},"end":{}}],"line":16},"1":{"loc":{"start":{"line":48,"column":4},"end":{"line":50,"column":5}},"type":"if","locations":[{"start":{"line":48,"column":4},"end":{"line":50,"column":5}},{"start":{},"end":{}}],"line":48},"2":{"loc":{"start":{"line":48,"column":8},"end":{"line":48,"column":42}},"type":"binary-expr","locations":[{"start":{"line":48,"column":8},"end":{"line":48,"column":21}},{"start":{"line":48,"column":25},"end":{"line":48,"column":42}}],"line":48},"3":{"loc":{"start":{"line":60,"column":12},"end":{"line":60,"column":29}},"type":"binary-expr","locations":[{"start":{"line":60,"column":12},"end":{"line":60,"column":21}},{"start":{"line":60,"column":25},"end":{"line":60,"column":29}}],"line":60},"4":{"loc":{"start":{"line":62,"column":12},"end":{"line":62,"column":29}},"type":"binary-expr","locations":[{"start":{"line":62,"column":12},"end":{"line":62,"column":21}},{"start":{"line":62,"column":25},"end":{"line":62,"column":29}}],"line":62},"5":{"loc":{"start":{"line":63,"column":12},"end":{"line":63,"column":28}},"type":"binary-expr","locations":[{"start":{"line":63,"column":12},"end":{"line":63,"column":20}},{"start":{"line":63,"column":24},"end":{"line":63,"column":28}}],"line":63},"6":{"loc":{"start":{"line":64,"column":12},"end":{"line":64,"column":25}},"type":"binary-expr","locations":[{"start":{"line":64,"column":12},"end":{"line":64,"column":17}},{"start":{"line":64,"column":21},"end":{"line":64,"column":25}}],"line":64},"7":{"loc":{"start":{"line":69,"column":8},"end":{"line":71,"column":9}},"type":"if","locations":[{"start":{"line":69,"column":8},"end":{"line":71,"column":9}},{"start":{},"end":{}}],"line":69},"8":{"loc":{"start":{"line":81,"column":4},"end":{"line":83,"column":5}},"type":"if","locations":[{"start":{"line":81,"column":4},"end":{"line":83,"column":5}},{"start":{},"end":{}}],"line":81},"9":{"loc":{"start":{"line":81,"column":8},"end":{"line":81,"column":42}},"type":"binary-expr","locations":[{"start":{"line":81,"column":8},"end":{"line":81,"column":21}},{"start":{"line":81,"column":25},"end":{"line":81,"column":42}}],"line":81},"10":{"loc":{"start":{"line":94,"column":12},"end":{"line":94,"column":29}},"type":"binary-expr","locations":[{"start":{"line":94,"column":12},"end":{"line":94,"column":21}},{"start":{"line":94,"column":25},"end":{"line":94,"column":29}}],"line":94},"11":{"loc":{"start":{"line":96,"column":12},"end":{"line":96,"column":29}},"type":"binary-expr","locations":[{"start":{"line":96,"column":12},"end":{"line":96,"column":21}},{"start":{"line":96,"column":25},"end":{"line":96,"column":29}}],"line":96},"12":{"loc":{"start":{"line":97,"column":12},"end":{"line":97,"column":28}},"type":"binary-expr","locations":[{"start":{"line":97,"column":12},"end":{"line":97,"column":20}},{"start":{"line":97,"column":24},"end":{"line":97,"column":28}}],"line":97},"13":{"loc":{"start":{"line":98,"column":12},"end":{"line":98,"column":25}},"type":"binary-expr","locations":[{"start":{"line":98,"column":12},"end":{"line":98,"column":17}},{"start":{"line":98,"column":21},"end":{"line":98,"column":25}}],"line":98},"14":{"loc":{"start":{"line":103,"column":8},"end":{"line":105,"column":9}},"type":"if","locations":[{"start":{"line":103,"column":8},"end":{"line":105,"column":9}},{"start":{},"end":{}}],"line":103},"15":{"loc":{"start":{"line":110,"column":8},"end":{"line":112,"column":9}},"type":"if","locations":[{"start":{"line":110,"column":8},"end":{"line":112,"column":9}},{"start":{},"end":{}}],"line":110},"16":{"loc":{"start":{"line":129,"column":8},"end":{"line":131,"column":9}},"type":"if","locations":[{"start":{"line":129,"column":8},"end":{"line":131,"column":9}},{"start":{},"end":{}}],"line":129}},"s":{"0":0,"1":0,"2":0,"3":0,"4":0,"5":0,"6":0,"7":0,"8":0,"9":0,"10":0,"11":0,"12":0,"13":0,"14":0,"15":0,"16":0,"17":0,"18":0,"19":0,"20":0,"21":0,"22":0,"23":0,"24":0,"25":0,"26":0,"27":0,"28":0,"29":0,"30":0,"31":0,"32":0,"33":0,"34":0,"35":0,"36":0,"37":0,"38":0,"39":0,"40":0,"41":0,"42":0,"43":0,"44":0,"45":0,"46":0,"47":0,"48":0,"49":0,"50":0,"51":0,"52":0,"53":0,"54":0,"55":0,"56":0,"57":0,"58":0,"59":0},"f":{"0":0,"1":0,"2":0,"3":0,"4":0},"b":{"0":[0,0],"1":[0,0],"2":[0,0],"3":[0,0],"4":[0,0],"5":[0,0],"6":[0,0],"7":[0,0],"8":[0,0],"9":[0,0],"10":[0,0],"11":[0,0],"12":[0,0],"13":[0,0],"14":[0,0],"15":[0,0],"16":[0,0]}}
,"/root/mi_erp/controllers/compras.controller.js": {"path":"/root/mi_erp/controllers/compras.controller.js","statementMap":{"0":{"start":{"line":1,"column":13},"end":{"line":1,"column":42}},"1":{"start":{"line":5,"column":0},"end":{"line":35,"column":2}},"2":{"start":{"line":6,"column":23},"end":{"line":6,"column":59}},"3":{"start":{"line":7,"column":37},"end":{"line":7,"column":46}},"4":{"start":{"line":9,"column":4},"end":{"line":34,"column":5}},"5":{"start":{"line":10,"column":20},"end":{"line":10,"column":231}},"6":{"start":{"line":12,"column":23},"end":{"line":12,"column":35}},"7":{"start":{"line":13,"column":25},"end":{"line":13,"column":26}},"8":{"start":{"line":15,"column":8},"end":{"line":19,"column":9}},"9":{"start":{"line":16,"column":12},"end":{"line":16,"column":54}},"10":{"start":{"line":17,"column":12},"end":{"line":17,"column":32}},"11":{"start":{"line":18,"column":12},"end":{"line":18,"column":25}},"12":{"start":{"line":21,"column":8},"end":{"line":25,"column":9}},"13":{"start":{"line":22,"column":12},"end":{"line":22,"column":60}},"14":{"start":{"line":23,"column":12},"end":{"line":23,"column":38}},"15":{"start":{"line":24,"column":12},"end":{"line":24,"column":25}},"16":{"start":{"line":27,"column":8},"end":{"line":27,"column":48}},"17":{"start":{"line":29,"column":25},"end":{"line":29,"column":56}},"18":{"start":{"line":30,"column":8},"end":{"line":30,"column":23}},"19":{"start":{"line":32,"column":8},"end":{"line":32,"column":68}},"20":{"start":{"line":33,"column":8},"end":{"line":33,"column":78}},"21":{"start":{"line":37,"column":0},"end":{"line":99,"column":2}},"22":{"start":{"line":38,"column":23},"end":{"line":38,"column":59}},"23":{"start":{"line":39,"column":23},"end":{"line":39,"column":45}},"24":{"start":{"line":40,"column":75},"end":{"line":40,"column":83}},"25":{"start":{"line":42,"column":4},"end":{"line":44,"column":5}},"26":{"start":{"line":43,"column":8},"end":{"line":43,"column":83}},"27":{"start":{"line":46,"column":19},"end":{"line":46,"column":39}},"28":{"start":{"line":48,"column":4},"end":{"line":98,"column":5}},"29":{"start":{"line":49,"column":8},"end":{"line":49,"column":36}},"30":{"start":{"line":51,"column":26},"end":{"line":51,"column":156}},"31":{"start":{"line":52,"column":29},"end":{"line":52,"column":68}},"32":{"start":{"line":54,"column":23},"end":{"line":54,"column":24}},"33":{"start":{"line":55,"column":24},"end":{"line":55,"column":25}},"34":{"start":{"line":57,"column":8},"end":{"line":67,"column":9}},"35":{"start":{"line":58,"column":29},"end":{"line":58,"column":61}},"36":{"start":{"line":59,"column":27},"end":{"line":59,"column":59}},"37":{"start":{"line":60,"column":35},"end":{"line":60,"column":72}},"38":{"start":{"line":62,"column":34},"end":{"line":62,"column":51}},"39":{"start":{"line":63,"column":29},"end":{"line":63,"column":67}},"40":{"start":{"line":65,"column":12},"end":{"line":65,"column":38}},"41":{"start":{"line":66,"column":12},"end":{"line":66,"column":34}},"42":{"start":{"line":69,"column":22},"end":{"line":69,"column":42}},"43":{"start":{"line":71,"column":27},"end":{"line":71,"column":225}},"44":{"start":{"line":73,"column":25},"end":{"line":73,"column":192}},"45":{"start":{"line":75,"column":25},"end":{"line":75,"column":50}},"46":{"start":{"line":77,"column":8},"end":{"line":87,"column":9}},"47":{"start":{"line":78,"column":29},"end":{"line":78,"column":61}},"48":{"start":{"line":79,"column":27},"end":{"line":79,"column":59}},"49":{"start":{"line":80,"column":35},"end":{"line":80,"column":72}},"50":{"start":{"line":82,"column":34},"end":{"line":82,"column":51}},"51":{"start":{"line":83,"column":29},"end":{"line":83,"column":67}},"52":{"start":{"line":84,"column":31},"end":{"line":84,"column":55}},"53":{"start":{"line":86,"column":12},"end":{"line":86,"column":308}},"54":{"start":{"line":89,"column":8},"end":{"line":89,"column":37}},"55":{"start":{"line":91,"column":8},"end":{"line":91,"column":106}},"56":{"start":{"line":93,"column":8},"end":{"line":93,"column":39}},"57":{"start":{"line":94,"column":8},"end":{"line":94,"column":64}},"58":{"start":{"line":95,"column":8},"end":{"line":95,"column":74}},"59":{"start":{"line":97,"column":8},"end":{"line":97,"column":25}},"60":{"start":{"line":101,"column":0},"end":{"line":123,"column":2}},"61":{"start":{"line":102,"column":23},"end":{"line":102,"column":59}},"62":{"start":{"line":103,"column":21},"end":{"line":103,"column":48}},"63":{"start":{"line":105,"column":4},"end":{"line":122,"column":5}},"64":{"start":{"line":106,"column":27},"end":{"line":106,"column":271}},"65":{"start":{"line":108,"column":25},"end":{"line":108,"column":77}},"66":{"start":{"line":110,"column":8},"end":{"line":112,"column":9}},"67":{"start":{"line":111,"column":12},"end":{"line":111,"column":74}},"68":{"start":{"line":114,"column":27},"end":{"line":114,"column":177}},"69":{"start":{"line":116,"column":25},"end":{"line":116,"column":65}},"70":{"start":{"line":118,"column":8},"end":{"line":118,"column":64}},"71":{"start":{"line":120,"column":8},"end":{"line":120,"column":66}},"72":{"start":{"line":121,"column":8},"end":{"line":121,"column":66}},"73":{"start":{"line":125,"column":0},"end":{"line":148,"column":2}},"74":{"start":{"line":126,"column":23},"end":{"line":126,"column":59}},"75":{"start":{"line":127,"column":21},"end":{"line":127,"column":48}},"76":{"start":{"line":128,"column":23},"end":{"line":128,"column":31}},"77":{"start":{"line":130,"column":27},"end":{"line":130,"column":105}},"78":{"start":{"line":131,"column":4},"end":{"line":133,"column":5}},"79":{"start":{"line":132,"column":8},"end":{"line":132,"column":66}},"80":{"start":{"line":135,"column":4},"end":{"line":147,"column":5}},"81":{"start":{"line":136,"column":22},"end":{"line":136,"column":113}},"82":{"start":{"line":137,"column":25},"end":{"line":137,"column":80}},"83":{"start":{"line":139,"column":8},"end":{"line":141,"column":9}},"84":{"start":{"line":140,"column":12},"end":{"line":140,"column":74}},"85":{"start":{"line":143,"column":8},"end":{"line":143,"column":68}},"86":{"start":{"line":145,"column":8},"end":{"line":145,"column":70}},"87":{"start":{"line":146,"column":8},"end":{"line":146,"column":70}},"88":{"start":{"line":152,"column":0},"end":{"line":210,"column":2}},"89":{"start":{"line":153,"column":23},"end":{"line":153,"column":59}},"90":{"start":{"line":154,"column":23},"end":{"line":154,"column":45}},"91":{"start":{"line":155,"column":61},"end":{"line":155,"column":69}},"92":{"start":{"line":157,"column":4},"end":{"line":159,"column":5}},"93":{"start":{"line":158,"column":8},"end":{"line":158,"column":83}},"94":{"start":{"line":161,"column":19},"end":{"line":161,"column":39}},"95":{"start":{"line":163,"column":4},"end":{"line":209,"column":5}},"96":{"start":{"line":164,"column":8},"end":{"line":164,"column":36}},"97":{"start":{"line":166,"column":26},"end":{"line":166,"column":157}},"98":{"start":{"line":167,"column":33},"end":{"line":167,"column":72}},"99":{"start":{"line":169,"column":31},"end":{"line":169,"column":182}},"100":{"start":{"line":171,"column":29},"end":{"line":171,"column":162}},"101":{"start":{"line":173,"column":29},"end":{"line":173,"column":62}},"102":{"start":{"line":175,"column":8},"end":{"line":185,"column":9}},"103":{"start":{"line":176,"column":29},"end":{"line":176,"column":65}},"104":{"start":{"line":178,"column":12},"end":{"line":178,"column":220}},"105":{"start":{"line":180,"column":29},"end":{"line":180,"column":207}},"106":{"start":{"line":182,"column":12},"end":{"line":184,"column":13}},"107":{"start":{"line":183,"column":16},"end":{"line":183,"column":162}},"108":{"start":{"line":187,"column":8},"end":{"line":198,"column":9}},"109":{"start":{"line":188,"column":31},"end":{"line":188,"column":175}},"110":{"start":{"line":189,"column":29},"end":{"line":189,"column":71}},"111":{"start":{"line":190,"column":53},"end":{"line":190,"column":69}},"112":{"start":{"line":192,"column":31},"end":{"line":192,"column":49}},"113":{"start":{"line":193,"column":12},"end":{"line":195,"column":13}},"114":{"start":{"line":194,"column":16},"end":{"line":194,"column":48}},"115":{"start":{"line":197,"column":12},"end":{"line":197,"column":118}},"116":{"start":{"line":200,"column":8},"end":{"line":200,"column":37}},"117":{"start":{"line":202,"column":8},"end":{"line":202,"column":108}},"118":{"start":{"line":204,"column":8},"end":{"line":204,"column":39}},"119":{"start":{"line":205,"column":8},"end":{"line":205,"column":68}},"120":{"start":{"line":206,"column":8},"end":{"line":206,"column":68}},"121":{"start":{"line":208,"column":8},"end":{"line":208,"column":25}},"122":{"start":{"line":212,"column":0},"end":{"line":224,"column":2}},"123":{"start":{"line":213,"column":23},"end":{"line":213,"column":59}},"124":{"start":{"line":215,"column":4},"end":{"line":223,"column":5}},"125":{"start":{"line":216,"column":22},"end":{"line":216,"column":332}},"126":{"start":{"line":218,"column":25},"end":{"line":218,"column":62}},"127":{"start":{"line":219,"column":8},"end":{"line":219,"column":23}},"128":{"start":{"line":221,"column":8},"end":{"line":221,"column":72}},"129":{"start":{"line":222,"column":8},"end":{"line":222,"column":72}},"130":{"start":{"line":228,"column":0},"end":{"line":237,"column":2}},"131":{"start":{"line":229,"column":4},"end":{"line":236,"column":5}},"132":{"start":{"line":230,"column":22},"end":{"line":230,"column":78}},"133":{"start":{"line":231,"column":25},"end":{"line":231,"column":48}},"134":{"start":{"line":232,"column":8},"end":{"line":232,"column":23}},"135":{"start":{"line":234,"column":8},"end":{"line":234,"column":66}},"136":{"start":{"line":235,"column":8},"end":{"line":235,"column":81}}},"fnMap":{"0":{"name":"(anonymous_0)","decl":{"start":{"line":5,"column":24},"end":{"line":5,"column":25}},"loc":{"start":{"line":5,"column":44},"end":{"line":35,"column":1}},"line":5},"1":{"name":"(anonymous_1)","decl":{"start":{"line":37,"column":21},"end":{"line":37,"column":22}},"loc":{"start":{"line":37,"column":41},"end":{"line":99,"column":1}},"line":37},"2":{"name":"(anonymous_2)","decl":{"start":{"line":101,"column":23},"end":{"line":101,"column":24}},"loc":{"start":{"line":101,"column":43},"end":{"line":123,"column":1}},"line":101},"3":{"name":"(anonymous_3)","decl":{"start":{"line":125,"column":32},"end":{"line":125,"column":33}},"loc":{"start":{"line":125,"column":52},"end":{"line":148,"column":1}},"line":125},"4":{"name":"(anonymous_4)","decl":{"start":{"line":152,"column":25},"end":{"line":152,"column":26}},"loc":{"start":{"line":152,"column":45},"end":{"line":210,"column":1}},"line":152},"5":{"name":"(anonymous_5)","decl":{"start":{"line":212,"column":28},"end":{"line":212,"column":29}},"loc":{"start":{"line":212,"column":48},"end":{"line":224,"column":1}},"line":212},"6":{"name":"(anonymous_6)","decl":{"start":{"line":228,"column":34},"end":{"line":228,"column":35}},"loc":{"start":{"line":228,"column":54},"end":{"line":237,"column":1}},"line":228}},"branchMap":{"0":{"loc":{"start":{"line":15,"column":8},"end":{"line":19,"column":9}},"type":"if","locations":[{"start":{"line":15,"column":8},"end":{"line":19,"column":9}},{"start":{},"end":{}}],"line":15},"1":{"loc":{"start":{"line":21,"column":8},"end":{"line":25,"column":9}},"type":"if","locations":[{"start":{"line":21,"column":8},"end":{"line":25,"column":9}},{"start":{},"end":{}}],"line":21},"2":{"loc":{"start":{"line":42,"column":4},"end":{"line":44,"column":5}},"type":"if","locations":[{"start":{"line":42,"column":4},"end":{"line":44,"column":5}},{"start":{},"end":{}}],"line":42},"3":{"loc":{"start":{"line":42,"column":8},"end":{"line":42,"column":53}},"type":"binary-expr","locations":[{"start":{"line":42,"column":8},"end":{"line":42,"column":21}},{"start":{"line":42,"column":25},"end":{"line":42,"column":31}},{"start":{"line":42,"column":35},"end":{"line":42,"column":53}}],"line":42},"4":{"loc":{"start":{"line":60,"column":46},"end":{"line":60,"column":71}},"type":"binary-expr","locations":[{"start":{"line":60,"column":46},"end":{"line":60,"column":65}},{"start":{"line":60,"column":69},"end":{"line":60,"column":71}}],"line":60},"5":{"loc":{"start":{"line":73,"column":109},"end":{"line":73,"column":139}},"type":"binary-expr","locations":[{"start":{"line":73,"column":109},"end":{"line":73,"column":131}},{"start":{"line":73,"column":135},"end":{"line":73,"column":139}}],"line":73},"6":{"loc":{"start":{"line":73,"column":169},"end":{"line":73,"column":190}},"type":"binary-expr","locations":[{"start":{"line":73,"column":169},"end":{"line":73,"column":182}},{"start":{"line":73,"column":186},"end":{"line":73,"column":190}}],"line":73},"7":{"loc":{"start":{"line":80,"column":46},"end":{"line":80,"column":71}},"type":"binary-expr","locations":[{"start":{"line":80,"column":46},"end":{"line":80,"column":65}},{"start":{"line":80,"column":69},"end":{"line":80,"column":71}}],"line":80},"8":{"loc":{"start":{"line":110,"column":8},"end":{"line":112,"column":9}},"type":"if","locations":[{"start":{"line":110,"column":8},"end":{"line":112,"column":9}},{"start":{},"end":{}}],"line":110},"9":{"loc":{"start":{"line":131,"column":4},"end":{"line":133,"column":5}},"type":"if","locations":[{"start":{"line":131,"column":4},"end":{"line":133,"column":5}},{"start":{},"end":{}}],"line":131},"10":{"loc":{"start":{"line":139,"column":8},"end":{"line":141,"column":9}},"type":"if","locations":[{"start":{"line":139,"column":8},"end":{"line":141,"column":9}},{"start":{},"end":{}}],"line":139},"11":{"loc":{"start":{"line":157,"column":4},"end":{"line":159,"column":5}},"type":"if","locations":[{"start":{"line":157,"column":4},"end":{"line":159,"column":5}},{"start":{},"end":{}}],"line":157},"12":{"loc":{"start":{"line":157,"column":8},"end":{"line":157,"column":53}},"type":"binary-expr","locations":[{"start":{"line":157,"column":8},"end":{"line":157,"column":21}},{"start":{"line":157,"column":25},"end":{"line":157,"column":31}},{"start":{"line":157,"column":35},"end":{"line":157,"column":53}}],"line":157},"13":{"loc":{"start":{"line":171,"column":77},"end":{"line":171,"column":93}},"type":"binary-expr","locations":[{"start":{"line":171,"column":77},"end":{"line":171,"column":85}},{"start":{"line":171,"column":89},"end":{"line":171,"column":93}}],"line":171},"14":{"loc":{"start":{"line":171,"column":139},"end":{"line":171,"column":160}},"type":"binary-expr","locations":[{"start":{"line":171,"column":139},"end":{"line":171,"column":152}},{"start":{"line":171,"column":156},"end":{"line":171,"column":160}}],"line":171},"15":{"loc":{"start":{"line":178,"column":163},"end":{"line":178,"column":189}},"type":"binary-expr","locations":[{"start":{"line":178,"column":163},"end":{"line":178,"column":181}},{"start":{"line":178,"column":185},"end":{"line":178,"column":189}}],"line":178},"16":{"loc":{"start":{"line":182,"column":12},"end":{"line":184,"column":13}},"type":"if","locations":[{"start":{"line":182,"column":12},"end":{"line":184,"column":13}},{"start":{},"end":{}}],"line":182},"17":{"loc":{"start":{"line":187,"column":8},"end":{"line":198,"column":9}},"type":"if","locations":[{"start":{"line":187,"column":8},"end":{"line":198,"column":9}},{"start":{},"end":{}}],"line":187},"18":{"loc":{"start":{"line":193,"column":12},"end":{"line":195,"column":13}},"type":"if","locations":[{"start":{"line":193,"column":12},"end":{"line":195,"column":13}},{"start":{},"end":{}}],"line":193}},"s":{"0":0,"1":0,"2":0,"3":0,"4":0,"5":0,"6":0,"7":0,"8":0,"9":0,"10":0,"11":0,"12":0,"13":0,"14":0,"15":0,"16":0,"17":0,"18":0,"19":0,"20":0,"21":0,"22":0,"23":0,"24":0,"25":0,"26":0,"27":0,"28":0,"29":0,"30":0,"31":0,"32":0,"33":0,"34":0,"35":0,"36":0,"37":0,"38":0,"39":0,"40":0,"41":0,"42":0,"43":0,"44":0,"45":0,"46":0,"47":0,"48":0,"49":0,"50":0,"51":0,"52":0,"53":0,"54":0,"55":0,"56":0,"57":0,"58":0,"59":0,"60":0,"61":0,"62":0,"63":0,"64":0,"65":0,"66":0,"67":0,"68":0,"69":0,"70":0,"71":0,"72":0,"73":0,"74":0,"75":0,"76":0,"77":0,"78":0,"79":0,"80":0,"81":0,"82":0,"83":0,"84":0,"85":0,"86":0,"87":0,"88":0,"89":0,"90":0,"91":0,"92":0,"93":0,"94":0,"95":0,"96":0,"97":0,"98":0,"99":0,"100":0,"101":0,"102":0,"103":0,"104":0,"105":0,"106":0,"107":0,"108":0,"109":0,"110":0,"111":0,"112":0,"113":0,"114":0,"115":0,"116":0,"117":0,"118":0,"119":0,"120":0,"121":0,"122":0,"123":0,"124":0,"125":0,"126":0,"127":0,"128":0,"129":0,"130":0,"131":0,"132":0,"133":0,"134":0,"135":0,"136":0},"f":{"0":0,"1":0,"2":0,"3":0,"4":0,"5":0,"6":0},"b":{"0":[0,0],"1":[0,0],"2":[0,0],"3":[0,0,0],"4":[0,0],"5":[0,0],"6":[0,0],"7":[0,0],"8":[0,0],"9":[0,0],"10":[0,0],"11":[0,0],"12":[0,0,0],"13":[0,0],"14":[0,0],"15":[0,0],"16":[0,0],"17":[0,0],"18":[0,0]}}
,"/root/mi_erp/controllers/condicionesiva.controller.js": {"path":"/root/mi_erp/controllers/condicionesiva.controller.js","statementMap":{"0":{"start":{"line":1,"column":13},"end":{"line":1,"column":42}},"1":{"start":{"line":3,"column":0},"end":{"line":12,"column":2}},"2":{"start":{"line":4,"column":4},"end":{"line":11,"column":5}},"3":{"start":{"line":5,"column":22},"end":{"line":5,"column":68}},"4":{"start":{"line":6,"column":25},"end":{"line":6,"column":48}},"5":{"start":{"line":7,"column":8},"end":{"line":7,"column":23}},"6":{"start":{"line":9,"column":8},"end":{"line":9,"column":76}},"7":{"start":{"line":10,"column":8},"end":{"line":10,"column":76}}},"fnMap":{"0":{"name":"(anonymous_0)","decl":{"start":{"line":3,"column":17},"end":{"line":3,"column":18}},"loc":{"start":{"line":3,"column":37},"end":{"line":12,"column":1}},"line":3}},"branchMap":{},"s":{"0":0,"1":0,"2":0,"3":0,"4":0,"5":0,"6":0,"7":0},"f":{"0":0},"b":{}}
,"/root/mi_erp/controllers/conjuntos.controller.js": {"path":"/root/mi_erp/controllers/conjuntos.controller.js","statementMap":{"0":{"start":{"line":1,"column":13},"end":{"line":1,"column":42}},"1":{"start":{"line":3,"column":0},"end":{"line":12,"column":2}},"2":{"start":{"line":4,"column":4},"end":{"line":11,"column":5}},"3":{"start":{"line":5,"column":22},"end":{"line":5,"column":422}},"4":{"start":{"line":6,"column":25},"end":{"line":6,"column":48}},"5":{"start":{"line":7,"column":8},"end":{"line":7,"column":23}},"6":{"start":{"line":9,"column":8},"end":{"line":9,"column":70}},"7":{"start":{"line":10,"column":8},"end":{"line":10,"column":70}},"8":{"start":{"line":14,"column":0},"end":{"line":32,"column":2}},"9":{"start":{"line":15,"column":24},"end":{"line":15,"column":51}},"10":{"start":{"line":16,"column":4},"end":{"line":31,"column":5}},"11":{"start":{"line":17,"column":30},"end":{"line":17,"column":96}},"12":{"start":{"line":18,"column":28},"end":{"line":18,"column":74}},"13":{"start":{"line":20,"column":8},"end":{"line":22,"column":9}},"14":{"start":{"line":21,"column":12},"end":{"line":21,"column":77}},"15":{"start":{"line":24,"column":27},"end":{"line":24,"column":190}},"16":{"start":{"line":25,"column":25},"end":{"line":25,"column":68}},"17":{"start":{"line":27,"column":8},"end":{"line":27,"column":71}},"18":{"start":{"line":29,"column":8},"end":{"line":29,"column":69}},"19":{"start":{"line":30,"column":8},"end":{"line":30,"column":69}},"20":{"start":{"line":34,"column":0},"end":{"line":68,"column":2}},"21":{"start":{"line":35,"column":86},"end":{"line":35,"column":94}},"22":{"start":{"line":37,"column":4},"end":{"line":39,"column":5}},"23":{"start":{"line":38,"column":8},"end":{"line":38,"column":73}},"24":{"start":{"line":41,"column":4},"end":{"line":43,"column":5}},"25":{"start":{"line":42,"column":8},"end":{"line":42,"column":84}},"26":{"start":{"line":45,"column":19},"end":{"line":45,"column":39}},"27":{"start":{"line":47,"column":4},"end":{"line":67,"column":5}},"28":{"start":{"line":48,"column":8},"end":{"line":48,"column":36}},"29":{"start":{"line":50,"column":30},"end":{"line":50,"column":164}},"30":{"start":{"line":51,"column":28},"end":{"line":51,"column":141}},"31":{"start":{"line":52,"column":28},"end":{"line":52,"column":59}},"32":{"start":{"line":54,"column":8},"end":{"line":56,"column":9}},"33":{"start":{"line":55,"column":12},"end":{"line":55,"column":171}},"34":{"start":{"line":58,"column":8},"end":{"line":58,"column":37}},"35":{"start":{"line":60,"column":8},"end":{"line":60,"column":105}},"36":{"start":{"line":62,"column":8},"end":{"line":62,"column":39}},"37":{"start":{"line":63,"column":8},"end":{"line":63,"column":67}},"38":{"start":{"line":64,"column":8},"end":{"line":64,"column":67}},"39":{"start":{"line":66,"column":8},"end":{"line":66,"column":25}},"40":{"start":{"line":70,"column":0},"end":{"line":108,"column":2}},"41":{"start":{"line":71,"column":24},"end":{"line":71,"column":51}},"42":{"start":{"line":72,"column":86},"end":{"line":72,"column":94}},"43":{"start":{"line":74,"column":4},"end":{"line":76,"column":5}},"44":{"start":{"line":75,"column":8},"end":{"line":75,"column":73}},"45":{"start":{"line":78,"column":19},"end":{"line":78,"column":39}},"46":{"start":{"line":80,"column":4},"end":{"line":107,"column":5}},"47":{"start":{"line":81,"column":8},"end":{"line":81,"column":36}},"48":{"start":{"line":83,"column":30},"end":{"line":83,"column":212}},"49":{"start":{"line":84,"column":28},"end":{"line":84,"column":154}},"50":{"start":{"line":86,"column":8},"end":{"line":89,"column":9}},"51":{"start":{"line":87,"column":12},"end":{"line":87,"column":43}},"52":{"start":{"line":88,"column":12},"end":{"line":88,"column":77}},"53":{"start":{"line":91,"column":8},"end":{"line":96,"column":9}},"54":{"start":{"line":92,"column":12},"end":{"line":92,"column":99}},"55":{"start":{"line":93,"column":12},"end":{"line":95,"column":13}},"56":{"start":{"line":94,"column":16},"end":{"line":94,"column":175}},"57":{"start":{"line":98,"column":8},"end":{"line":98,"column":37}},"58":{"start":{"line":100,"column":8},"end":{"line":100,"column":98}},"59":{"start":{"line":102,"column":8},"end":{"line":102,"column":39}},"60":{"start":{"line":103,"column":8},"end":{"line":103,"column":72}},"61":{"start":{"line":104,"column":8},"end":{"line":104,"column":72}},"62":{"start":{"line":106,"column":8},"end":{"line":106,"column":25}},"63":{"start":{"line":110,"column":0},"end":{"line":126,"column":2}},"64":{"start":{"line":111,"column":24},"end":{"line":111,"column":51}},"65":{"start":{"line":113,"column":4},"end":{"line":125,"column":5}},"66":{"start":{"line":114,"column":22},"end":{"line":114,"column":122}},"67":{"start":{"line":115,"column":25},"end":{"line":115,"column":63}},"68":{"start":{"line":117,"column":8},"end":{"line":119,"column":9}},"69":{"start":{"line":118,"column":12},"end":{"line":118,"column":77}},"70":{"start":{"line":121,"column":8},"end":{"line":121,"column":65}},"71":{"start":{"line":123,"column":8},"end":{"line":123,"column":70}},"72":{"start":{"line":124,"column":8},"end":{"line":124,"column":70}}},"fnMap":{"0":{"name":"(anonymous_0)","decl":{"start":{"line":3,"column":17},"end":{"line":3,"column":18}},"loc":{"start":{"line":3,"column":37},"end":{"line":12,"column":1}},"line":3},"1":{"name":"(anonymous_1)","decl":{"start":{"line":14,"column":23},"end":{"line":14,"column":24}},"loc":{"start":{"line":14,"column":43},"end":{"line":32,"column":1}},"line":14},"2":{"name":"(anonymous_2)","decl":{"start":{"line":34,"column":16},"end":{"line":34,"column":17}},"loc":{"start":{"line":34,"column":36},"end":{"line":68,"column":1}},"line":34},"3":{"name":"(anonymous_3)","decl":{"start":{"line":70,"column":21},"end":{"line":70,"column":22}},"loc":{"start":{"line":70,"column":41},"end":{"line":108,"column":1}},"line":70},"4":{"name":"(anonymous_4)","decl":{"start":{"line":110,"column":19},"end":{"line":110,"column":20}},"loc":{"start":{"line":110,"column":39},"end":{"line":126,"column":1}},"line":110}},"branchMap":{"0":{"loc":{"start":{"line":20,"column":8},"end":{"line":22,"column":9}},"type":"if","locations":[{"start":{"line":20,"column":8},"end":{"line":22,"column":9}},{"start":{},"end":{}}],"line":20},"1":{"loc":{"start":{"line":37,"column":4},"end":{"line":39,"column":5}},"type":"if","locations":[{"start":{"line":37,"column":4},"end":{"line":39,"column":5}},{"start":{},"end":{}}],"line":37},"2":{"loc":{"start":{"line":41,"column":4},"end":{"line":43,"column":5}},"type":"if","locations":[{"start":{"line":41,"column":4},"end":{"line":43,"column":5}},{"start":{},"end":{}}],"line":41},"3":{"loc":{"start":{"line":41,"column":8},"end":{"line":41,"column":44}},"type":"binary-expr","locations":[{"start":{"line":41,"column":8},"end":{"line":41,"column":18}},{"start":{"line":41,"column":22},"end":{"line":41,"column":44}}],"line":41},"4":{"loc":{"start":{"line":51,"column":71},"end":{"line":51,"column":90}},"type":"binary-expr","locations":[{"start":{"line":51,"column":71},"end":{"line":51,"column":82}},{"start":{"line":51,"column":86},"end":{"line":51,"column":90}}],"line":51},"5":{"loc":{"start":{"line":51,"column":92},"end":{"line":51,"column":112}},"type":"binary-expr","locations":[{"start":{"line":51,"column":92},"end":{"line":51,"column":107}},{"start":{"line":51,"column":111},"end":{"line":51,"column":112}}],"line":51},"6":{"loc":{"start":{"line":51,"column":114},"end":{"line":51,"column":139}},"type":"binary-expr","locations":[{"start":{"line":51,"column":114},"end":{"line":51,"column":134}},{"start":{"line":51,"column":138},"end":{"line":51,"column":139}}],"line":51},"7":{"loc":{"start":{"line":55,"column":150},"end":{"line":55,"column":168}},"type":"binary-expr","locations":[{"start":{"line":55,"column":150},"end":{"line":55,"column":163}},{"start":{"line":55,"column":167},"end":{"line":55,"column":168}}],"line":55},"8":{"loc":{"start":{"line":74,"column":4},"end":{"line":76,"column":5}},"type":"if","locations":[{"start":{"line":74,"column":4},"end":{"line":76,"column":5}},{"start":{},"end":{}}],"line":74},"9":{"loc":{"start":{"line":84,"column":71},"end":{"line":84,"column":90}},"type":"binary-expr","locations":[{"start":{"line":84,"column":71},"end":{"line":84,"column":82}},{"start":{"line":84,"column":86},"end":{"line":84,"column":90}}],"line":84},"10":{"loc":{"start":{"line":84,"column":92},"end":{"line":84,"column":112}},"type":"binary-expr","locations":[{"start":{"line":84,"column":92},"end":{"line":84,"column":107}},{"start":{"line":84,"column":111},"end":{"line":84,"column":112}}],"line":84},"11":{"loc":{"start":{"line":84,"column":114},"end":{"line":84,"column":139}},"type":"binary-expr","locations":[{"start":{"line":84,"column":114},"end":{"line":84,"column":134}},{"start":{"line":84,"column":138},"end":{"line":84,"column":139}}],"line":84},"12":{"loc":{"start":{"line":86,"column":8},"end":{"line":89,"column":9}},"type":"if","locations":[{"start":{"line":86,"column":8},"end":{"line":89,"column":9}},{"start":{},"end":{}}],"line":86},"13":{"loc":{"start":{"line":91,"column":8},"end":{"line":96,"column":9}},"type":"if","locations":[{"start":{"line":91,"column":8},"end":{"line":96,"column":9}},{"start":{},"end":{}}],"line":91},"14":{"loc":{"start":{"line":91,"column":12},"end":{"line":91,"column":49}},"type":"binary-expr","locations":[{"start":{"line":91,"column":12},"end":{"line":91,"column":21}},{"start":{"line":91,"column":25},"end":{"line":91,"column":49}}],"line":91},"15":{"loc":{"start":{"line":94,"column":154},"end":{"line":94,"column":172}},"type":"binary-expr","locations":[{"start":{"line":94,"column":154},"end":{"line":94,"column":167}},{"start":{"line":94,"column":171},"end":{"line":94,"column":172}}],"line":94},"16":{"loc":{"start":{"line":117,"column":8},"end":{"line":119,"column":9}},"type":"if","locations":[{"start":{"line":117,"column":8},"end":{"line":119,"column":9}},{"start":{},"end":{}}],"line":117}},"s":{"0":0,"1":0,"2":0,"3":0,"4":0,"5":0,"6":0,"7":0,"8":0,"9":0,"10":0,"11":0,"12":0,"13":0,"14":0,"15":0,"16":0,"17":0,"18":0,"19":0,"20":0,"21":0,"22":0,"23":0,"24":0,"25":0,"26":0,"27":0,"28":0,"29":0,"30":0,"31":0,"32":0,"33":0,"34":0,"35":0,"36":0,"37":0,"38":0,"39":0,"40":0,"41":0,"42":0,"43":0,"44":0,"45":0,"46":0,"47":0,"48":0,"49":0,"50":0,"51":0,"52":0,"53":0,"54":0,"55":0,"56":0,"57":0,"58":0,"59":0,"60":0,"61":0,"62":0,"63":0,"64":0,"65":0,"66":0,"67":0,"68":0,"69":0,"70":0,"71":0,"72":0},"f":{"0":0,"1":0,"2":0,"3":0,"4":0},"b":{"0":[0,0],"1":[0,0],"2":[0,0],"3":[0,0],"4":[0,0],"5":[0,0],"6":[0,0],"7":[0,0],"8":[0,0],"9":[0,0],"10":[0,0],"11":[0,0],"12":[0,0],"13":[0,0],"14":[0,0],"15":[0,0],"16":[0,0]}}
,"/root/mi_erp/controllers/facturas.controller.js": {"path":"/root/mi_erp/controllers/facturas.controller.js","statementMap":{"0":{"start":{"line":1,"column":13},"end":{"line":1,"column":42}},"1":{"start":{"line":3,"column":0},"end":{"line":12,"column":2}},"2":{"start":{"line":4,"column":4},"end":{"line":11,"column":5}},"3":{"start":{"line":5,"column":22},"end":{"line":5,"column":141}},"4":{"start":{"line":6,"column":25},"end":{"line":6,"column":48}},"5":{"start":{"line":7,"column":8},"end":{"line":7,"column":23}},"6":{"start":{"line":9,"column":8},"end":{"line":9,"column":77}},"7":{"start":{"line":10,"column":8},"end":{"line":10,"column":77}},"8":{"start":{"line":14,"column":0},"end":{"line":27,"column":2}},"9":{"start":{"line":15,"column":23},"end":{"line":15,"column":59}},"10":{"start":{"line":16,"column":24},"end":{"line":16,"column":60}},"11":{"start":{"line":17,"column":28},"end":{"line":17,"column":68}},"12":{"start":{"line":19,"column":4},"end":{"line":26,"column":5}},"13":{"start":{"line":20,"column":22},"end":{"line":20,"column":167}},"14":{"start":{"line":21,"column":25},"end":{"line":21,"column":92}},"15":{"start":{"line":22,"column":8},"end":{"line":22,"column":71}},"16":{"start":{"line":24,"column":8},"end":{"line":24,"column":75}},"17":{"start":{"line":25,"column":8},"end":{"line":25,"column":75}},"18":{"start":{"line":29,"column":0},"end":{"line":99,"column":2}},"19":{"start":{"line":30,"column":23},"end":{"line":30,"column":59}},"20":{"start":{"line":31,"column":113},"end":{"line":31,"column":121}},"21":{"start":{"line":33,"column":4},"end":{"line":35,"column":5}},"22":{"start":{"line":34,"column":8},"end":{"line":34,"column":91}},"23":{"start":{"line":37,"column":19},"end":{"line":37,"column":39}},"24":{"start":{"line":39,"column":4},"end":{"line":98,"column":5}},"25":{"start":{"line":40,"column":8},"end":{"line":40,"column":36}},"26":{"start":{"line":42,"column":26},"end":{"line":42,"column":235}},"27":{"start":{"line":43,"column":31},"end":{"line":43,"column":73}},"28":{"start":{"line":45,"column":27},"end":{"line":45,"column":29}},"29":{"start":{"line":46,"column":23},"end":{"line":46,"column":24}},"30":{"start":{"line":47,"column":24},"end":{"line":47,"column":25}},"31":{"start":{"line":49,"column":8},"end":{"line":54,"column":9}},"32":{"start":{"line":50,"column":29},"end":{"line":50,"column":369}},"33":{"start":{"line":51,"column":12},"end":{"line":51,"column":41}},"34":{"start":{"line":53,"column":12},"end":{"line":53,"column":39}},"35":{"start":{"line":56,"column":8},"end":{"line":59,"column":9}},"36":{"start":{"line":57,"column":12},"end":{"line":57,"column":43}},"37":{"start":{"line":58,"column":12},"end":{"line":58,"column":81}},"38":{"start":{"line":61,"column":8},"end":{"line":66,"column":11}},"39":{"start":{"line":62,"column":35},"end":{"line":62,"column":95}},"40":{"start":{"line":63,"column":30},"end":{"line":63,"column":92}},"41":{"start":{"line":64,"column":12},"end":{"line":64,"column":39}},"42":{"start":{"line":65,"column":12},"end":{"line":65,"column":35}},"43":{"start":{"line":68,"column":22},"end":{"line":68,"column":42}},"44":{"start":{"line":70,"column":29},"end":{"line":70,"column":335}},"45":{"start":{"line":71,"column":27},"end":{"line":71,"column":228}},"46":{"start":{"line":73,"column":27},"end":{"line":73,"column":56}},"47":{"start":{"line":74,"column":32},"end":{"line":74,"column":66}},"48":{"start":{"line":76,"column":8},"end":{"line":83,"column":9}},"49":{"start":{"line":76,"column":21},"end":{"line":76,"column":22}},"50":{"start":{"line":77,"column":25},"end":{"line":77,"column":40}},"51":{"start":{"line":78,"column":35},"end":{"line":78,"column":95}},"52":{"start":{"line":79,"column":30},"end":{"line":79,"column":92}},"53":{"start":{"line":80,"column":32},"end":{"line":80,"column":58}},"54":{"start":{"line":82,"column":12},"end":{"line":82,"column":372}},"55":{"start":{"line":85,"column":8},"end":{"line":87,"column":9}},"56":{"start":{"line":86,"column":12},"end":{"line":86,"column":164}},"57":{"start":{"line":89,"column":8},"end":{"line":89,"column":37}},"58":{"start":{"line":91,"column":8},"end":{"line":91,"column":109}},"59":{"start":{"line":93,"column":8},"end":{"line":93,"column":39}},"60":{"start":{"line":94,"column":8},"end":{"line":94,"column":66}},"61":{"start":{"line":95,"column":8},"end":{"line":95,"column":84}},"62":{"start":{"line":97,"column":8},"end":{"line":97,"column":25}},"63":{"start":{"line":101,"column":0},"end":{"line":137,"column":2}},"64":{"start":{"line":102,"column":23},"end":{"line":102,"column":59}},"65":{"start":{"line":103,"column":49},"end":{"line":103,"column":58}},"66":{"start":{"line":105,"column":4},"end":{"line":136,"column":5}},"67":{"start":{"line":106,"column":20},"end":{"line":106,"column":401}},"68":{"start":{"line":108,"column":23},"end":{"line":108,"column":35}},"69":{"start":{"line":109,"column":25},"end":{"line":109,"column":26}},"70":{"start":{"line":111,"column":8},"end":{"line":115,"column":9}},"71":{"start":{"line":112,"column":12},"end":{"line":112,"column":62}},"72":{"start":{"line":113,"column":12},"end":{"line":113,"column":37}},"73":{"start":{"line":114,"column":12},"end":{"line":114,"column":25}},"74":{"start":{"line":117,"column":8},"end":{"line":121,"column":9}},"75":{"start":{"line":118,"column":12},"end":{"line":118,"column":62}},"76":{"start":{"line":119,"column":12},"end":{"line":119,"column":37}},"77":{"start":{"line":120,"column":12},"end":{"line":120,"column":25}},"78":{"start":{"line":123,"column":8},"end":{"line":127,"column":9}},"79":{"start":{"line":124,"column":12},"end":{"line":124,"column":54}},"80":{"start":{"line":125,"column":12},"end":{"line":125,"column":32}},"81":{"start":{"line":126,"column":12},"end":{"line":126,"column":25}},"82":{"start":{"line":129,"column":8},"end":{"line":129,"column":79}},"83":{"start":{"line":131,"column":25},"end":{"line":131,"column":56}},"84":{"start":{"line":132,"column":8},"end":{"line":132,"column":23}},"85":{"start":{"line":134,"column":8},"end":{"line":134,"column":68}},"86":{"start":{"line":135,"column":8},"end":{"line":135,"column":68}},"87":{"start":{"line":139,"column":0},"end":{"line":163,"column":2}},"88":{"start":{"line":140,"column":23},"end":{"line":140,"column":59}},"89":{"start":{"line":141,"column":23},"end":{"line":141,"column":50}},"90":{"start":{"line":143,"column":4},"end":{"line":162,"column":5}},"91":{"start":{"line":144,"column":29},"end":{"line":144,"column":597}},"92":{"start":{"line":146,"column":27},"end":{"line":146,"column":83}},"93":{"start":{"line":148,"column":8},"end":{"line":150,"column":9}},"94":{"start":{"line":149,"column":12},"end":{"line":149,"column":76}},"95":{"start":{"line":152,"column":24},"end":{"line":152,"column":42}},"96":{"start":{"line":154,"column":27},"end":{"line":154,"column":198}},"97":{"start":{"line":156,"column":25},"end":{"line":156,"column":67}},"98":{"start":{"line":158,"column":8},"end":{"line":158,"column":55}},"99":{"start":{"line":160,"column":8},"end":{"line":160,"column":68}},"100":{"start":{"line":161,"column":8},"end":{"line":161,"column":68}},"101":{"start":{"line":165,"column":0},"end":{"line":186,"column":2}},"102":{"start":{"line":166,"column":23},"end":{"line":166,"column":59}},"103":{"start":{"line":167,"column":23},"end":{"line":167,"column":50}},"104":{"start":{"line":169,"column":4},"end":{"line":171,"column":5}},"105":{"start":{"line":170,"column":8},"end":{"line":170,"column":94}},"106":{"start":{"line":173,"column":4},"end":{"line":185,"column":5}},"107":{"start":{"line":174,"column":22},"end":{"line":174,"column":130}},"108":{"start":{"line":175,"column":25},"end":{"line":175,"column":74}},"109":{"start":{"line":177,"column":8},"end":{"line":179,"column":9}},"110":{"start":{"line":178,"column":12},"end":{"line":178,"column":76}},"111":{"start":{"line":181,"column":8},"end":{"line":181,"column":104}},"112":{"start":{"line":183,"column":8},"end":{"line":183,"column":67}},"113":{"start":{"line":184,"column":8},"end":{"line":184,"column":67}}},"fnMap":{"0":{"name":"(anonymous_0)","decl":{"start":{"line":3,"column":23},"end":{"line":3,"column":24}},"loc":{"start":{"line":3,"column":43},"end":{"line":12,"column":1}},"line":3},"1":{"name":"(anonymous_1)","decl":{"start":{"line":14,"column":31},"end":{"line":14,"column":32}},"loc":{"start":{"line":14,"column":51},"end":{"line":27,"column":1}},"line":14},"2":{"name":"(anonymous_2)","decl":{"start":{"line":29,"column":16},"end":{"line":29,"column":17}},"loc":{"start":{"line":29,"column":36},"end":{"line":99,"column":1}},"line":29},"3":{"name":"(anonymous_3)","decl":{"start":{"line":61,"column":29},"end":{"line":61,"column":30}},"loc":{"start":{"line":61,"column":37},"end":{"line":66,"column":9}},"line":61},"4":{"name":"(anonymous_4)","decl":{"start":{"line":101,"column":17},"end":{"line":101,"column":18}},"loc":{"start":{"line":101,"column":37},"end":{"line":137,"column":1}},"line":101},"5":{"name":"(anonymous_5)","decl":{"start":{"line":139,"column":23},"end":{"line":139,"column":24}},"loc":{"sta
[...]
mn":18}},"loc":{"start":{"line":3,"column":37},"end":{"line":20,"column":1}},"line":3},"1":{"name":"(anonymous_1)","decl":{"start":{"line":22,"column":17},"end":{"line":22,"column":18}},"loc":{"start":{"line":22,"column":37},"end":{"line":32,"column":1}},"line":22},"2":{"name":"(anonymous_2)","decl":{"start":{"line":34,"column":23},"end":{"line":34,"column":24}},"loc":{"start":{"line":34,"column":43},"end":{"line":51,"column":1}},"line":34},"3":{"name":"(anonymous_3)","decl":{"start":{"line":53,"column":16},"end":{"line":53,"column":17}},"loc":{"start":{"line":53,"column":36},"end":{"line":72,"column":1}},"line":53},"4":{"name":"(anonymous_4)","decl":{"start":{"line":74,"column":21},"end":{"line":74,"column":22}},"loc":{"start":{"line":74,"column":41},"end":{"line":99,"column":1}},"line":74},"5":{"name":"(anonymous_5)","decl":{"start":{"line":101,"column":19},"end":{"line":101,"column":20}},"loc":{"start":{"line":101,"column":39},"end":{"line":118,"column":1}},"line":101}},"branchMap":{"0":{"loc":{"start":{"line":7,"column":4},"end":{"line":9,"column":5}},"type":"if","locations":[{"start":{"line":7,"column":4},"end":{"line":9,"column":5}},{"start":{},"end":{}}],"line":7},"1":{"loc":{"start":{"line":7,"column":8},"end":{"line":7,"column":35}},"type":"binary-expr","locations":[{"start":{"line":7,"column":8},"end":{"line":7,"column":10}},{"start":{"line":7,"column":14},"end":{"line":7,"column":35}}],"line":7},"2":{"loc":{"start":{"line":42,"column":8},"end":{"line":44,"column":9}},"type":"if","locations":[{"start":{"line":42,"column":8},"end":{"line":44,"column":9}},{"start":{},"end":{}}],"line":42},"3":{"loc":{"start":{"line":57,"column":4},"end":{"line":59,"column":5}},"type":"if","locations":[{"start":{"line":57,"column":4},"end":{"line":59,"column":5}},{"start":{},"end":{}}],"line":57},"4":{"loc":{"start":{"line":57,"column":8},"end":{"line":57,"column":51}},"type":"binary-expr","locations":[{"start":{"line":57,"column":8},"end":{"line":57,"column":21}},{"start":{"line":57,"column":25},"end":{"line":57,"column":30}},{"start":{"line":57,"column":34},"end":{"line":57,"column":51}}],"line":57},"5":{"loc":{"start":{"line":63,"column":76},"end":{"line":63,"column":99}},"type":"binary-expr","locations":[{"start":{"line":63,"column":76},"end":{"line":63,"column":91}},{"start":{"line":63,"column":95},"end":{"line":63,"column":99}}],"line":63},"6":{"loc":{"start":{"line":63,"column":125},"end":{"line":63,"column":138}},"type":"binary-expr","locations":[{"start":{"line":63,"column":125},"end":{"line":63,"column":130}},{"start":{"line":63,"column":134},"end":{"line":63,"column":138}}],"line":63},"7":{"loc":{"start":{"line":63,"column":140},"end":{"line":63,"column":157}},"type":"binary-expr","locations":[{"start":{"line":63,"column":140},"end":{"line":63,"column":149}},{"start":{"line":63,"column":153},"end":{"line":63,"column":157}}],"line":63},"8":{"loc":{"start":{"line":63,"column":159},"end":{"line":63,"column":175}},"type":"binary-expr","locations":[{"start":{"line":63,"column":159},"end":{"line":63,"column":167}},{"start":{"line":63,"column":171},"end":{"line":63,"column":175}}],"line":63},"9":{"loc":{"start":{"line":63,"column":177},"end":{"line":63,"column":190}},"type":"binary-expr","locations":[{"start":{"line":63,"column":177},"end":{"line":63,"column":182}},{"start":{"line":63,"column":186},"end":{"line":63,"column":190}}],"line":63},"10":{"loc":{"start":{"line":63,"column":192},"end":{"line":63,"column":215}},"type":"binary-expr","locations":[{"start":{"line":63,"column":192},"end":{"line":63,"column":207}},{"start":{"line":63,"column":211},"end":{"line":63,"column":215}}],"line":63},"11":{"loc":{"start":{"line":63,"column":217},"end":{"line":63,"column":240}},"type":"binary-expr","locations":[{"start":{"line":63,"column":217},"end":{"line":63,"column":232}},{"start":{"line":63,"column":236},"end":{"line":63,"column":240}}],"line":63},"12":{"loc":{"start":{"line":67,"column":8},"end":{"line":69,"column":9}},"type":"if","locations":[{"start":{"line":67,"column":8},"end":{"line":69,"column":9}},{"start":{},"end":{}}],"line":67},"13":{"loc":{"start":{"line":79,"column":4},"end":{"line":81,"column":5}},"type":"if","locations":[{"start":{"line":79,"column":4},"end":{"line":81,"column":5}},{"start":{},"end":{}}],"line":79},"14":{"loc":{"start":{"line":79,"column":8},"end":{"line":79,"column":51}},"type":"binary-expr","locations":[{"start":{"line":79,"column":8},"end":{"line":79,"column":21}},{"start":{"line":79,"column":25},"end":{"line":79,"column":30}},{"start":{"line":79,"column":34},"end":{"line":79,"column":51}}],"line":79},"15":{"loc":{"start":{"line":85,"column":64},"end":{"line":85,"column":87}},"type":"binary-expr","locations":[{"start":{"line":85,"column":64},"end":{"line":85,"column":79}},{"start":{"line":85,"column":83},"end":{"line":85,"column":87}}],"line":85},"16":{"loc":{"start":{"line":85,"column":113},"end":{"line":85,"column":126}},"type":"binary-expr","locations":[{"start":{"line":85,"column":113},"end":{"line":85,"column":118}},{"start":{"line":85,"column":122},"end":{"line":85,"column":126}}],"line":85},"17":{"loc":{"start":{"line":85,"column":128},"end":{"line":85,"column":145}},"type":"binary-expr","locations":[{"start":{"line":85,"column":128},"end":{"line":85,"column":137}},{"start":{"line":85,"column":141},"end":{"line":85,"column":145}}],"line":85},"18":{"loc":{"start":{"line":85,"column":147},"end":{"line":85,"column":163}},"type":"binary-expr","locations":[{"start":{"line":85,"column":147},"end":{"line":85,"column":155}},{"start":{"line":85,"column":159},"end":{"line":85,"column":163}}],"line":85},"19":{"loc":{"start":{"line":85,"column":165},"end":{"line":85,"column":178}},"type":"binary-expr","locations":[{"start":{"line":85,"column":165},"end":{"line":85,"column":170}},{"start":{"line":85,"column":174},"end":{"line":85,"column":178}}],"line":85},"20":{"loc":{"start":{"line":85,"column":180},"end":{"line":85,"column":203}},"type":"binary-expr","locations":[{"start":{"line":85,"column":180},"end":{"line":85,"column":195}},{"start":{"line":85,"column":199},"end":{"line":85,"column":203}}],"line":85},"21":{"loc":{"start":{"line":85,"column":205},"end":{"line":85,"column":228}},"type":"binary-expr","locations":[{"start":{"line":85,"column":205},"end":{"line":85,"column":220}},{"start":{"line":85,"column":224},"end":{"line":85,"column":228}}],"line":85},"22":{"loc":{"start":{"line":87,"column":8},"end":{"line":89,"column":9}},"type":"if","locations":[{"start":{"line":87,"column":8},"end":{"line":89,"column":9}},{"start":{},"end":{}}],"line":87},"23":{"loc":{"start":{"line":94,"column":8},"end":{"line":96,"column":9}},"type":"if","locations":[{"start":{"line":94,"column":8},"end":{"line":96,"column":9}},{"start":{},"end":{}}],"line":94},"24":{"loc":{"start":{"line":109,"column":8},"end":{"line":111,"column":9}},"type":"if","locations":[{"start":{"line":109,"column":8},"end":{"line":111,"column":9}},{"start":{},"end":{}}],"line":109}},"s":{"0":0,"1":0,"2":0,"3":0,"4":0,"5":0,"6":0,"7":0,"8":0,"9":0,"10":0,"11":0,"12":0,"13":0,"14":0,"15":0,"16":0,"17":0,"18":0,"19":0,"20":0,"21":0,"22":0,"23":0,"24":0,"25":0,"26":0,"27":0,"28":0,"29":0,"30":0,"31":0,"32":0,"33":0,"34":0,"35":0,"36":0,"37":0,"38":0,"39":0,"40":0,"41":0,"42":0,"43":0,"44":0,"45":0,"46":0,"47":0,"48":0,"49":0,"50":0,"51":0,"52":0,"53":0,"54":0,"55":0,"56":0,"57":0,"58":0,"59":0,"60":0,"61":0,"62":0,"63":0,"64":0,"65":0,"66":0,"67":0,"68":0,"69":0,"70":0,"71":0},"f":{"0":0,"1":0,"2":0,"3":0,"4":0,"5":0},"b":{"0":[0,0],"1":[0,0],"2":[0,0],"3":[0,0],"4":[0,0,0],"5":[0,0],"6":[0,0],"7":[0,0],"8":[0,0],"9":[0,0],"10":[0,0],"11":[0,0],"12":[0,0],"13":[0,0],"14":[0,0,0],"15":[0,0],"16":[0,0],"17":[0,0],"18":[0,0],"19":[0,0],"20":[0,0],"21":[0,0],"22":[0,0],"23":[0,0],"24":[0,0]}}
,"/root/mi_erp/controllers/variantes.controller.js": {"path":"/root/mi_erp/controllers/variantes.controller.js","statementMap":{"0":{"start":{"line":1,"column":13},"end":{"line":1,"column":42}},"1":{"start":{"line":3,"column":0},"end":{"line":13,"column":2}},"2":{"start":{"line":4,"column":24},"end":{"line":4,"column":51}},"3":{"start":{"line":5,"column":4},"end":{"line":12,"column":5}},"4":{"start":{"line":6,"column":22},"end":{"line":6,"column":234}},"5":{"start":{"line":7,"column":25},"end":{"line":7,"column":63}},"6":{"start":{"line":8,"column":8},"end":{"line":8,"column":23}},"7":{"start":{"line":10,"column":8},"end":{"line":10,"column":70}},"8":{"start":{"line":11,"column":8},"end":{"line":11,"column":70}},"9":{"start":{"line":15,"column":0},"end":{"line":30,"column":2}},"10":{"start":{"line":16,"column":24},"end":{"line":16,"column":51}},"11":{"start":{"line":17,"column":4},"end":{"line":29,"column":5}},"12":{"start":{"line":18,"column":22},"end":{"line":18,"column":185}},"13":{"start":{"line":19,"column":25},"end":{"line":19,"column":63}},"14":{"start":{"line":21,"column":8},"end":{"line":23,"column":9}},"15":{"start":{"line":22,"column":12},"end":{"line":22,"column":77}},"16":{"start":{"line":25,"column":8},"end":{"line":25,"column":26}},"17":{"start":{"line":27,"column":8},"end":{"line":27,"column":69}},"18":{"start":{"line":28,"column":8},"end":{"line":28,"column":69}},"19":{"start":{"line":32,"column":0},"end":{"line":73,"column":2}},"20":{"start":{"line":33,"column":24},"end":{"line":33,"column":51}},"21":{"start":{"line":34,"column":77},"end":{"line":34,"column":85}},"22":{"start":{"line":36,"column":4},"end":{"line":38,"column":5}},"23":{"start":{"line":37,"column":8},"end":{"line":37,"column":78}},"24":{"start":{"line":40,"column":19},"end":{"line":40,"column":39}},"25":{"start":{"line":42,"column":4},"end":{"line":72,"column":5}},"26":{"start":{"line":43,"column":8},"end":{"line":43,"column":36}},"27":{"start":{"line":45,"column":26},"end":{"line":45,"column":136}},"28":{"start":{"line":47,"column":8},"end":{"line":50,"column":9}},"29":{"start":{"line":48,"column":12},"end":{"line":48,"column":43}},"30":{"start":{"line":49,"column":12},"end":{"line":49,"column":77}},"31":{"start":{"line":52,"column":8},"end":{"line":54,"column":9}},"32":{"start":{"line":53,"column":12},"end":{"line":53,"column":116}},"33":{"start":{"line":56,"column":22},"end":{"line":56,"column":192}},"34":{"start":{"line":58,"column":25},"end":{"line":58,"column":177}},"35":{"start":{"line":60,"column":8},"end":{"line":60,"column":37}},"36":{"start":{"line":62,"column":8},"end":{"line":62,"column":93}},"37":{"start":{"line":64,"column":8},"end":{"line":64,"column":39}},"38":{"start":{"line":65,"column":8},"end":{"line":65,"column":67}},"39":{"start":{"line":66,"column":8},"end":{"line":68,"column":9}},"40":{"start":{"line":67,"column":12},"end":{"line":67,"column":71}},"41":{"start":{"line":69,"column":8},"end":{"line":69,"column":67}},"42":{"start":{"line":71,"column":8},"end":{"line":71,"column":25}},"43":{"start":{"line":75,"column":0},"end":{"line":100,"column":2}},"44":{"start":{"line":76,"column":24},"end":{"line":76,"column":51}},"45":{"start":{"line":77,"column":77},"end":{"line":77,"column":85}},"46":{"start":{"line":79,"column":4},"end":{"line":81,"column":5}},"47":{"start":{"line":80,"column":8},"end":{"line":80,"column":78}},"48":{"start":{"line":83,"column":4},"end":{"line":99,"column":5}},"49":{"start":{"line":84,"column":22},"end":{"line":84,"column":225}},"50":{"start":{"line":86,"column":25},"end":{"line":86,"column":175}},"51":{"start":{"line":88,"column":8},"end":{"line":90,"column":9}},"52":{"start":{"line":89,"column":12},"end":{"line":89,"column":77}},"53":{"start":{"line":92,"column":8},"end":{"line":92,"column":86}},"54":{"start":{"line":94,"column":8},"end":{"line":94,"column":72}},"55":{"start":{"line":95,"column":8},"end":{"line":97,"column":9}},"56":{"start":{"line":96,"column":12},"end":{"line":96,"column":71}},"57":{"start":{"line":98,"column":8},"end":{"line":98,"column":72}},"58":{"start":{"line":102,"column":0},"end":{"line":119,"column":2}},"59":{"start":{"line":103,"column":24},"end":{"line":103,"column":51}},"60":{"start":{"line":105,"column":4},"end":{"line":118,"column":5}},"61":{"start":{"line":106,"column":22},"end":{"line":106,"column":131}},"62":{"start":{"line":108,"column":25},"end":{"line":108,"column":63}},"63":{"start":{"line":110,"column":8},"end":{"line":112,"column":9}},"64":{"start":{"line":111,"column":12},"end":{"line":111,"column":77}},"65":{"start":{"line":114,"column":8},"end":{"line":114,"column":65}},"66":{"start":{"line":116,"column":8},"end":{"line":116,"column":70}},"67":{"start":{"line":117,"column":8},"end":{"line":117,"column":70}},"68":{"start":{"line":121,"column":0},"end":{"line":139,"column":2}},"69":{"start":{"line":122,"column":18},"end":{"line":122,"column":27}},"70":{"start":{"line":124,"column":4},"end":{"line":126,"column":5}},"71":{"start":{"line":125,"column":8},"end":{"line":125,"column":41}},"72":{"start":{"line":128,"column":23},"end":{"line":128,"column":31}},"73":{"start":{"line":130,"column":4},"end":{"line":138,"column":5}},"74":{"start":{"line":131,"column":28},"end":{"line":131,"column":276}},"75":{"start":{"line":133,"column":25},"end":{"line":133,"column":75}},"76":{"start":{"line":134,"column":8},"end":{"line":134,"column":36}},"77":{"start":{"line":136,"column":8},"end":{"line":136,"column":74}},"78":{"start":{"line":137,"column":8},"end":{"line":137,"column":69}}},"fnMap":{"0":{"name":"(anonymous_0)","decl":{"start":{"line":3,"column":29},"end":{"line":3,"column":30}},"loc":{"start":{"line":3,"column":49},"end":{"line":13,"column":1}},"line":3},"1":{"name":"(anonymous_1)","decl":{"start":{"line":15,"column":23},"end":{"line":15,"column":24}},"loc":{"start":{"line":15,"column":43},"end":{"line":30,"column":1}},"line":15},"2":{"name":"(anonymous_2)","decl":{"start":{"line":32,"column":16},"end":{"line":32,"column":17}},"loc":{"start":{"line":32,"column":36},"end":{"line":73,"column":1}},"line":32},"3":{"name":"(anonymous_3)","decl":{"start":{"line":75,"column":21},"end":{"line":75,"column":22}},"loc":{"start":{"line":75,"column":41},"end":{"line":100,"column":1}},"line":75},"4":{"name":"(anonymous_4)","decl":{"start":{"line":102,"column":19},"end":{"line":102,"column":20}},"loc":{"start":{"line":102,"column":39},"end":{"line":119,"column":1}},"line":102},"5":{"name":"(anonymous_5)","decl":{"start":{"line":121,"column":17},"end":{"line":121,"column":18}},"loc":{"start":{"line":121,"column":37},"end":{"line":139,"column":1}},"line":121}},"branchMap":{"0":{"loc":{"start":{"line":21,"column":8},"end":{"line":23,"column":9}},"type":"if","locations":[{"start":{"line":21,"column":8},"end":{"line":23,"column":9}},{"start":{},"end":{}}],"line":21},"1":{"loc":{"start":{"line":36,"column":4},"end":{"line":38,"column":5}},"type":"if","locations":[{"start":{"line":36,"column":4},"end":{"line":38,"column":5}},{"start":{},"end":{}}],"line":36},"2":{"loc":{"start":{"line":36,"column":8},"end":{"line":36,"column":32}},"type":"binary-expr","locations":[{"start":{"line":36,"column":8},"end":{"line":36,"column":24}},{"start":{"line":36,"column":28},"end":{"line":36,"column":32}}],"line":36},"3":{"loc":{"start":{"line":47,"column":8},"end":{"line":50,"column":9}},"type":"if","locations":[{"start":{"line":47,"column":8},"end":{"line":50,"column":9}},{"start":{},"end":{}}],"line":47},"4":{"loc":{"start":{"line":52,"column":8},"end":{"line":54,"column":9}},"type":"if","locations":[{"start":{"line":52,"column":8},"end":{"line":54,"column":9}},{"start":{},"end":{}}],"line":52},"5":{"loc":{"start":{"line":58,"column":87},"end":{"line":58,"column":98}},"type":"binary-expr","locations":[{"start":{"line":58,"column":87},"end":{"line":58,"column":93}},{"start":{"line":58,"column":97},"end":{"line":58,"column":98}}],"line":58},"6":{"loc":{"start":{"line":58,"column":100},"end":{"line":58,"column":110}},"type":"binary-expr","locations":[{"start":{"line":58,"column":100},"end":{"line":58,"column":105}},{"start":{"line":58,"column":109},"end":{"line":58,"column":110}}],"line":58},"7":{"loc":{"start":{"line":58,"column":112},"end":{"line":58,"column":129}},"type":"binary-expr","locations":[{"start":{"line":58,"column":112},"end":{"line":58,"column":124}},{"start":{"line":58,"column":128},"end":{"line":58,"column":129}}],"line":58},"8":{"loc":{"start":{"line":58,"column":131},"end":{"line":58,"column":175}},"type":"cond-expr","locations":[{"start":{"line":58,"column":143},"end":{"line":58,"column":168}},{"start":{"line":58,"column":171},"end":{"line":58,"column":175}}],"line":58},"9":{"loc":{"start":{"line":66,"column":8},"end":{"line":68,"column":9}},"type":"if","locations":[{"start":{"line":66,"column":8},"end":{"line":68,"column":9}},{"start":{},"end":{}}],"line":66},"10":{"loc":{"start":{"line":79,"column":4},"end":{"line":81,"column":5}},"type":"if","locations":[{"start":{"line":79,"column":4},"end":{"line":81,"column":5}},{"start":{},"end":{}}],"line":79},"11":{"loc":{"start":{"line":79,"column":8},"end":{"line":79,"column":32}},"type":"binary-expr","locations":[{"start":{"line":79,"column":8},"end":{"line":79,"column":24}},{"start":{"line":79,"column":28},"end":{"line":79,"column":32}}],"line":79},"12":{"loc":{"start":{"line":86,"column":72},"end":{"line":86,"column":83}},"type":"binary-expr","locations":[{"start":{"line":86,"column":72},"end":{"line":86,"column":78}},{"start":{"line":86,"column":82},"end":{"line":86,"column":83}}],"line":86},"13":{"loc":{"start":{"line":86,"column":85},"end":{"line":86,"column":95}},"type":"binary-expr","locations":[{"start":{"line":86,"column":85},"end":{"line":86,"column":90}},{"start":{"line":86,"column":94},"end":{"line":86,"column":95}}],"line":86},"14":{"loc":{"start":{"line":86,"column":97},"end":{"line":86,"column":114}},"type":"binary-expr","locations":[{"start":{"line":86,"column":97},"end":{"line":86,"column":109}},{"start":{"line":86,"column":113},"end":{"line":86,"column":114}}],"line":86},"15":{"loc":{"start":{"line":86,"column":116},"end":{"line":86,"column":160}},"type":"cond-expr","locations":[{"start":{"line":86,"column":128},"end":{"line":86,"column":153}},{"start":{"line":86,"column":156},"end":{"line":86,"column":160}}],"line":86},"16":{"loc":{"start":{"line":88,"column":8},"end":{"line":90,"column":9}},"type":"if","locations":[{"start":{"line":88,"column":8},"end":{"line":90,"column":9}},{"start":{},"end":{}}],"line":88},"17":{"loc":{"start":{"line":95,"column":8},"end":{"line":97,"column":9}},"type":"if","locations":[{"start":{"line":95,"column":8},"end":{"line":97,"column":9}},{"start":{},"end":{}}],"line":95},"18":{"loc":{"start":{"line":110,"column":8},"end":{"line":112,"column":9}},"type":"if","locations":[{"start":{"line":110,"column":8},"end":{"line":112,"column":9}},{"start":{},"end":{}}],"line":110},"19":{"loc":{"start":{"line":124,"column":4},"end":{"line":126,"column":5}},"type":"if","locations":[{"start":{"line":124,"column":4},"end":{"line":126,"column":5}},{"start":{},"end":{}}],"line":124},"20":{"loc":{"start":{"line":124,"column":8},"end":{"line":124,"column":33}},"type":"binary-expr","locations":[{"start":{"line":124,"column":8},"end":{"line":124,"column":10}},{"start":{"line":124,"column":14},"end":{"line":124,"column":33}}],"line":124}},"s":{"0":0,"1":0,"2":0,"3":0,"4":0,"5":0,"6":0,"7":0,"8":0,"9":0,"10":0,"11":0,"12":0,"13":0,"14":0,"15":0,"16":0,"17":0,"18":0,"19":0,"20":0,"21":0,"22":0,"23":0,"24":0,"25":0,"26":0,"27":0,"28":0,"29":0,"30":0,"31":0,"32":0,"33":0,"34":0,"35":0,"36":0,"37":0,"38":0,"39":0,"40":0,"41":0,"42":0,"43":0,"44":0,"45":0,"46":0,"47":0,"48":0,"49":0,"50":0,"51":0,"52":0,"53":0,"54":0,"55":0,"56":0,"57":0,"58":0,"59":0,"60":0,"61":0,"62":0,"63":0,"64":0,"65":0,"66":0,"67":0,"68":0,"69":0,"70":0,"71":0,"72":0,"73":0,"74":0,"75":0,"76":0,"77":0,"78":0},"f":{"0":0,"1":0,"2":0,"3":0,"4":0,"5":0},"b":{"0":[0,0],"1":[0,0],"2":[0,0],"3":[0,0],"4":[0,0],"5":[0,0],"6":[0,0],"7":[0,0],"8":[0,0],"9":[0,0],"10":[0,0],"11":[0,0],"12":[0,0],"13":[0,0],"14":[0,0],"15":[0,0],"16":[0,0],"17":[0,0],"18":[0,0],"19":[0,0],"20":[0,0]}}
}
